[2019-06-23 12:07:15.341] [sharedprocess] [info] main {"machineId":"4b56edd6abb232693e6f5dc4d3b4e54e884ba8309efb39468bce93984b80e05b"}
[2019-06-23 12:07:17.357] [sharedprocess] [info] Scanned user extensions: 11
[2019-06-23 12:07:17.874] [sharedprocess] [info] Deleted from disk fivethree.vscode-svelte-snippets /root/.vscode/extensions/fivethree.vscode-svelte-snippets-0.1.4
[2019-06-23 12:07:18.054] [sharedprocess] [info] Scanned system extensions: 72
[2019-06-23 12:07:21.722] [sharedprocess] [info] Scanned user extensions: 11
[2019-06-23 12:07:21.741] [sharedprocess] [info] Scanned system extensions: 72
[2019-06-23 12:07:22.024] [sharedprocess] [info] Scanned user extensions: 11
[2019-06-23 12:07:22.038] [sharedprocess] [info] Scanned system extensions: 72
[2019-06-23 12:07:28.407] [sharedprocess] [info] Scanned user extensions: 11
[2019-06-23 12:07:55.210] [sharedprocess] [info] Starting to clean up unused language packs.
[2019-06-23 12:12:28.897] [sharedprocess] [info] Scanned user extensions: 11
[2019-06-23 12:17:29.021] [sharedprocess] [info] Scanned user extensions: 11
[2019-06-23 12:22:29.037] [sharedprocess] [info] Scanned user extensions: 11
[2019-06-23 12:27:29.054] [sharedprocess] [info] Scanned user extensions: 11
[2019-06-23 12:32:29.066] [sharedprocess] [info] Scanned user extensions: 11
[2019-06-23 12:37:29.084] [sharedprocess] [info] Scanned user extensions: 11
[2019-06-23 12:42:29.104] [sharedprocess] [info] Scanned user extensions: 11
[2019-06-23 12:47:29.121] [sharedprocess] [info] Scanned user extensions: 11
[2019-06-23 12:52:29.130] [sharedprocess] [info] Scanned user extensions: 11
[2019-06-23 12:57:29.148] [sharedprocess] [info] Scanned user extensions: 11
[2019-06-23 13:02:29.393] [sharedprocess] [info] Scanned user extensions: 11
[2019-06-23 13:07:31.866] [sharedprocess] [info] Scanned user extensions: 11
[2019-06-23 13:12:33.426] [sharedprocess] [info] Scanned user extensions: 11
[2019-06-23 13:17:33.447] [sharedprocess] [info] Scanned user extensions: 11
[2019-06-23 13:22:33.466] [sharedprocess] [info] Scanned user extensions: 11
[2019-06-23 13:27:33.481] [sharedprocess] [info] Scanned user extensions: 11
[2019-06-23 13:32:33.498] [sharedprocess] [info] Scanned user extensions: 11
[2019-06-23 13:37:33.516] [sharedprocess] [info] Scanned user extensions: 11
[2019-06-23 13:42:33.531] [sharedprocess] [info] Scanned user extensions: 11
[2019-06-23 13:47:33.548] [sharedprocess] [info] Scanned user extensions: 11
[2019-06-23 13:52:33.566] [sharedprocess] [info] Scanned user extensions: 11
[2019-06-23 13:57:33.585] [sharedprocess] [info] Scanned user extensions: 11
[2019-06-23 14:02:33.601] [sharedprocess] [info] Scanned user extensions: 11
[2019-06-23 14:07:34.112] [sharedprocess] [info] Scanned user extensions: 11
[2019-06-23 14:12:34.127] [sharedprocess] [info] Scanned user extensions: 11
[2019-06-23 14:17:34.144] [sharedprocess] [info] Scanned user extensions: 11
[2019-06-23 14:22:34.160] [sharedprocess] [info] Scanned user extensions: 11
[2019-06-23 14:27:34.175] [sharedprocess] [info] Scanned user extensions: 11
[2019-06-23 14:32:34.193] [sharedprocess] [info] Scanned user extensions: 11
[2019-06-23 14:37:34.210] [sharedprocess] [info] Scanned user extensions: 11
[2019-06-23 14:42:34.224] [sharedprocess] [info] Scanned user extensions: 11
[2019-06-23 14:47:34.242] [sharedprocess] [info] Scanned user extensions: 11
[2019-06-23 14:52:34.259] [sharedprocess] [info] Scanned user extensions: 11
[2019-06-23 14:57:34.275] [sharedprocess] [info] Scanned user extensions: 11
[2019-06-23 15:02:34.292] [sharedprocess] [info] Scanned user extensions: 11
[2019-06-23 15:07:34.872] [sharedprocess] [info] Scanned user extensions: 11
[2019-06-23 15:12:34.887] [sharedprocess] [info] Scanned user extensions: 11
[2019-06-23 15:17:34.904] [sharedprocess] [info] Scanned user extensions: 11
[2019-06-23 15:22:34.919] [sharedprocess] [info] Scanned user extensions: 11
[2019-06-23 15:27:34.939] [sharedprocess] [info] Scanned user extensions: 11
[2019-06-23 15:32:34.960] [sharedprocess] [info] Scanned user extensions: 11
[2019-06-23 15:37:34.974] [sharedprocess] [info] Scanned user extensions: 11
[2019-06-23 15:42:34.993] [sharedprocess] [info] Scanned user extensions: 11
[2019-06-23 15:47:35.008] [sharedprocess] [info] Scanned user extensions: 11
[2019-06-23 15:52:35.024] [sharedprocess] [info] Scanned user extensions: 11
[2019-06-23 15:57:35.038] [sharedprocess] [info] Scanned user extensions: 11
[2019-06-23 16:02:35.053] [sharedprocess] [info] Scanned user extensions: 11
[2019-06-23 16:07:35.528] [sharedprocess] [info] Scanned user extensions: 11
[2019-06-23 16:12:35.543] [sharedprocess] [info] Scanned user extensions: 11
[2019-06-23 16:17:35.557] [sharedprocess] [info] Scanned user extensions: 11
[2019-06-23 16:22:35.573] [sharedprocess] [info] Scanned user extensions: 11
[2019-06-23 16:27:35.591] [sharedprocess] [info] Scanned user extensions: 11
[2019-06-23 16:32:35.609] [sharedprocess] [info] Scanned user extensions: 11
[2019-06-23 16:37:35.623] [sharedprocess] [info] Scanned user extensions: 11
[2019-06-23 16:42:35.637] [sharedprocess] [info] Scanned user extensions: 11
[2019-06-23 16:47:35.652] [sharedprocess] [info] Scanned user extensions: 11
[2019-06-23 16:52:35.668] [sharedprocess] [info] Scanned user extensions: 11
[2019-06-23 16:57:35.683] [sharedprocess] [info] Scanned user extensions: 11
[2019-06-23 17:02:35.698] [sharedprocess] [info] Scanned user extensions: 11
[2019-06-23 17:07:36.204] [sharedprocess] [info] Scanned user extensions: 11
[2019-06-23 17:12:36.221] [sharedprocess] [info] Scanned user extensions: 11
[2019-06-23 17:17:36.236] [sharedprocess] [info] Scanned user extensions: 11
[2019-06-23 17:22:36.251] [sharedprocess] [info] Scanned user extensions: 11
[2019-06-23 17:27:36.268] [sharedprocess] [info] Scanned user extensions: 11
[2019-06-23 17:32:36.278] [sharedprocess] [info] Scanned user extensions: 11
[2019-06-23 17:37:36.295] [sharedprocess] [info] Scanned user extensions: 11
[2019-06-23 17:42:36.308] [sharedprocess] [info] Scanned user extensions: 11
[2019-06-23 17:47:36.325] [sharedprocess] [info] Scanned user extensions: 11
[2019-06-23 17:52:36.341] [sharedprocess] [info] Scanned user extensions: 11
[2019-06-23 17:57:36.357] [sharedprocess] [info] Scanned user extensions: 11
[2019-06-23 18:02:36.370] [sharedprocess] [info] Scanned user extensions: 11
[2019-06-23 18:07:36.852] [sharedprocess] [info] Scanned user extensions: 11
[2019-06-23 18:12:36.871] [sharedprocess] [info] Scanned user extensions: 11
[2019-06-23 18:17:36.887] [sharedprocess] [info] Scanned user extensions: 11
[2019-06-23 18:22:36.904] [sharedprocess] [info] Scanned user extensions: 11
[2019-06-23 18:27:36.917] [sharedprocess] [info] Scanned user extensions: 11
[2019-06-23 18:32:36.936] [sharedprocess] [info] Scanned user extensions: 11
[2019-06-23 18:37:36.952] [sharedprocess] [info] Scanned user extensions: 11
[2019-06-23 18:42:36.966] [sharedprocess] [info] Scanned user extensions: 11
[2019-06-23 18:47:36.982] [sharedprocess] [info] Scanned user extensions: 11
[2019-06-23 18:52:36.997] [sharedprocess] [info] Scanned user extensions: 11
[2019-06-23 18:57:37.014] [sharedprocess] [info] Scanned user extensions: 11
[2019-06-23 19:02:37.028] [sharedprocess] [info] Scanned user extensions: 11
[2019-06-23 19:07:37.541] [sharedprocess] [info] Scanned user extensions: 11
[2019-06-23 19:12:37.556] [sharedprocess] [info] Scanned user extensions: 11
[2019-06-23 19:17:37.573] [sharedprocess] [info] Scanned user extensions: 11
[2019-06-23 19:22:37.583] [sharedprocess] [info] Scanned user extensions: 11
[2019-06-23 19:27:37.601] [sharedprocess] [info] Scanned user extensions: 11
[2019-06-23 19:32:37.616] [sharedprocess] [info] Scanned user extensions: 11
[2019-06-23 19:37:37.634] [sharedprocess] [info] Scanned user extensions: 11
[2019-06-23 19:42:37.650] [sharedprocess] [info] Scanned user extensions: 11
[2019-06-23 19:47:37.668] [sharedprocess] [info] Scanned user extensions: 11
[2019-06-23 19:52:37.682] [sharedprocess] [info] Scanned user extensions: 11
[2019-06-23 19:57:37.720] [sharedprocess] [info] Scanned user extensions: 11
[2019-06-23 20:02:37.736] [sharedprocess] [info] Scanned user extensions: 11
[2019-06-23 20:07:38.247] [sharedprocess] [info] Scanned user extensions: 11
[2019-06-23 20:12:38.261] [sharedprocess] [info] Scanned user extensions: 11
[2019-06-23 20:17:38.278] [sharedprocess] [info] Scanned user extensions: 11
[2019-06-23 20:22:38.295] [sharedprocess] [info] Scanned user extensions: 11
[2019-06-23 20:27:38.309] [sharedprocess] [info] Scanned user extensions: 11
[2019-06-23 20:32:38.326] [sharedprocess] [info] Scanned user extensions: 11
[2019-06-23 20:37:38.340] [sharedprocess] [info] Scanned user extensions: 11
[2019-06-23 20:42:38.359] [sharedprocess] [info] Scanned user extensions: 11
[2019-06-23 20:47:38.378] [sharedprocess] [info] Scanned user extensions: 11
[2019-06-23 20:52:38.387] [sharedprocess] [info] Scanned user extensions: 11
[2019-06-23 20:57:38.426] [sharedprocess] [info] Scanned user extensions: 11
[2019-06-23 21:02:38.441] [sharedprocess] [info] Scanned user extensions: 11
[2019-06-23 21:07:38.923] [sharedprocess] [info] Scanned user extensions: 11
[2019-06-23 21:12:38.937] [sharedprocess] [info] Scanned user extensions: 11
[2019-06-23 21:17:38.945] [sharedprocess] [info] Scanned user extensions: 11
[2019-06-23 21:22:39.185] [sharedprocess] [info] Scanned user extensions: 11
[2019-06-23 21:27:39.213] [sharedprocess] [info] Scanned user extensions: 11
[2019-06-23 21:32:39.228] [sharedprocess] [info] Scanned user extensions: 11
[2019-06-23 21:37:39.243] [sharedprocess] [info] Scanned user extensions: 11
[2019-06-23 21:42:39.258] [sharedprocess] [info] Scanned user extensions: 11
[2019-06-23 21:47:39.273] [sharedprocess] [info] Scanned user extensions: 11
[2019-06-23 21:52:39.288] [sharedprocess] [info] Scanned user extensions: 11
[2019-06-23 21:57:39.303] [sharedprocess] [info] Scanned user extensions: 11
[2019-06-23 22:02:39.320] [sharedprocess] [info] Scanned user extensions: 11
[2019-06-23 22:07:40.025] [sharedprocess] [info] Scanned user extensions: 11
[2019-06-23 22:12:40.042] [sharedprocess] [info] Scanned user extensions: 11
[2019-06-23 22:17:40.052] [sharedprocess] [info] Scanned user extensions: 11
[2019-06-23 22:22:40.067] [sharedprocess] [info] Scanned user extensions: 11
[2019-06-23 22:27:40.083] [sharedprocess] [info] Scanned user extensions: 11
[2019-06-23 22:32:40.098] [sharedprocess] [info] Scanned user extensions: 11
[2019-06-23 22:37:40.115] [sharedprocess] [info] Scanned user extensions: 11
[2019-06-23 22:42:40.134] [sharedprocess] [info] Scanned user extensions: 11
[2019-06-23 22:47:40.150] [sharedprocess] [info] Scanned user extensions: 11
[2019-06-23 22:52:40.165] [sharedprocess] [info] Scanned user extensions: 11
[2019-06-23 22:57:40.181] [sharedprocess] [info] Scanned user extensions: 11
[2019-06-23 23:02:40.197] [sharedprocess] [info] Scanned user extensions: 11
[2019-06-23 23:07:40.671] [sharedprocess] [info] Scanned user extensions: 11
[2019-06-23 23:12:40.686] [sharedprocess] [info] Scanned user extensions: 11
[2019-06-23 23:17:40.700] [sharedprocess] [info] Scanned user extensions: 11
[2019-06-23 23:22:40.716] [sharedprocess] [info] Scanned user extensions: 11
[2019-06-23 23:27:40.733] [sharedprocess] [info] Scanned user extensions: 11
[2019-06-23 23:32:40.748] [sharedprocess] [info] Scanned user extensions: 11
[2019-06-23 23:37:40.763] [sharedprocess] [info] Scanned user extensions: 11
[2019-06-23 23:42:40.779] [sharedprocess] [info] Scanned user extensions: 11
[2019-06-23 23:47:40.789] [sharedprocess] [info] Scanned user extensions: 11
[2019-06-23 23:52:40.806] [sharedprocess] [info] Scanned user extensions: 11
[2019-06-23 23:57:40.823] [sharedprocess] [info] Scanned user extensions: 11
[2019-06-24 00:02:40.838] [sharedprocess] [info] Scanned user extensions: 11
[2019-06-24 00:07:41.413] [sharedprocess] [info] Scanned user extensions: 11
[2019-06-24 00:12:41.684] [sharedprocess] [info] Scanned user extensions: 11
[2019-06-24 00:17:41.702] [sharedprocess] [info] Scanned user extensions: 11
[2019-06-24 00:22:41.718] [sharedprocess] [info] Scanned user extensions: 11
[2019-06-24 00:27:41.735] [sharedprocess] [info] Scanned user extensions: 11
[2019-06-24 00:32:41.747] [sharedprocess] [info] Scanned user extensions: 11
[2019-06-24 00:37:41.761] [sharedprocess] [info] Scanned user extensions: 11
[2019-06-24 00:42:41.777] [sharedprocess] [info] Scanned user extensions: 11
[2019-06-24 00:47:41.793] [sharedprocess] [info] Scanned user extensions: 11
[2019-06-24 00:52:41.809] [sharedprocess] [info] Scanned user extensions: 11
[2019-06-24 00:57:41.822] [sharedprocess] [info] Scanned user extensions: 11
[2019-06-24 01:02:41.839] [sharedprocess] [info] Scanned user extensions: 11
[2019-06-24 01:07:42.423] [sharedprocess] [info] Scanned user extensions: 11
[2019-06-24 01:12:42.438] [sharedprocess] [info] Scanned user extensions: 11
[2019-06-24 01:17:42.451] [sharedprocess] [info] Scanned user extensions: 11
[2019-06-24 01:22:42.470] [sharedprocess] [info] Scanned user extensions: 11
[2019-06-24 01:27:42.488] [sharedprocess] [info] Scanned user extensions: 11
[2019-06-24 01:32:42.505] [sharedprocess] [info] Scanned user extensions: 11
[2019-06-24 01:37:42.519] [sharedprocess] [info] Scanned user extensions: 11
[2019-06-24 01:42:42.535] [sharedprocess] [info] Scanned user extensions: 11
[2019-06-24 01:47:42.552] [sharedprocess] [info] Scanned user extensions: 11
[2019-06-24 01:52:42.571] [sharedprocess] [info] Scanned user extensions: 11
[2019-06-24 01:57:42.581] [sharedprocess] [info] Scanned user extensions: 11
[2019-06-24 02:02:42.594] [sharedprocess] [info] Scanned user extensions: 11
[2019-06-24 02:07:43.357] [sharedprocess] [info] Scanned user extensions: 11
[2019-06-24 02:12:43.842] [sharedprocess] [info] Scanned user extensions: 11
[2019-06-24 02:17:44.035] [sharedprocess] [info] Scanned user extensions: 11
[2019-06-24 02:22:44.553] [sharedprocess] [info] Scanned user extensions: 11
[2019-06-24 02:27:44.772] [sharedprocess] [info] Scanned user extensions: 11
[2019-06-24 02:32:45.500] [sharedprocess] [info] Scanned user extensions: 11
[2019-06-24 02:37:46.037] [sharedprocess] [info] Scanned user extensions: 11
[2019-06-24 02:42:46.186] [sharedprocess] [info] Scanned user extensions: 11
[2019-06-24 02:47:46.822] [sharedprocess] [info] Scanned user extensions: 11
[2019-06-24 02:52:48.297] [sharedprocess] [info] Scanned user extensions: 11
[2019-06-24 02:57:48.501] [sharedprocess] [info] Scanned user extensions: 11
[2019-06-24 03:02:48.720] [sharedprocess] [info] Scanned user extensions: 11
[2019-06-24 03:07:49.578] [sharedprocess] [info] Scanned user extensions: 11
[2019-06-24 03:12:50.781] [sharedprocess] [info] Scanned user extensions: 11
[2019-06-24 03:17:50.845] [sharedprocess] [info] Scanned user extensions: 11
[2019-06-24 03:22:51.078] [sharedprocess] [info] Scanned user extensions: 11
[2019-06-24 03:27:51.282] [sharedprocess] [info] Scanned user extensions: 11
[2019-06-24 03:32:51.517] [sharedprocess] [info] Scanned user extensions: 11
[2019-06-24 03:37:52.249] [sharedprocess] [info] Scanned user extensions: 11
[2019-06-24 03:42:53.020] [sharedprocess] [info] Scanned user extensions: 11
[2019-06-24 03:47:55.315] [sharedprocess] [info] Scanned user extensions: 11
[2019-06-24 03:52:56.687] [sharedprocess] [info] Scanned user extensions: 11
[2019-06-24 03:57:56.768] [sharedprocess] [info] Scanned user extensions: 11
[2019-06-24 04:02:56.999] [sharedprocess] [info] Scanned user extensions: 11
[2019-06-24 04:07:57.879] [sharedprocess] [info] Scanned user extensions: 11
[2019-06-24 04:12:57.899] [sharedprocess] [info] Scanned user extensions: 11
[2019-06-24 04:17:58.013] [sharedprocess] [info] Scanned user extensions: 11
[2019-06-24 04:22:58.228] [sharedprocess] [info] Scanned user extensions: 11
[2019-06-24 04:27:58.305] [sharedprocess] [info] Scanned user extensions: 11
[2019-06-24 04:32:58.511] [sharedprocess] [info] Scanned user extensions: 11
[2019-06-24 04:37:58.590] [sharedprocess] [info] Scanned user extensions: 11
[2019-06-24 04:42:58.670] [sharedprocess] [info] Scanned user extensions: 11
[2019-06-24 04:47:58.854] [sharedprocess] [info] Scanned user extensions: 11
[2019-06-24 04:52:59.327] [sharedprocess] [info] Scanned user extensions: 11
[2019-06-24 04:57:59.537] [sharedprocess] [info] Scanned user extensions: 11
[2019-06-24 05:02:59.687] [sharedprocess] [info] Scanned user extensions: 11
[2019-06-24 05:07:59.930] [sharedprocess] [info] Scanned user extensions: 11
[2019-06-24 05:13:00.015] [sharedprocess] [info] Scanned user extensions: 11
[2019-06-24 05:18:02.095] [sharedprocess] [info] Scanned user extensions: 11
[2019-06-24 05:23:02.894] [sharedprocess] [info] Scanned user extensions: 11
[2019-06-24 05:28:03.317] [sharedprocess] [info] Scanned user extensions: 11
[2019-06-24 05:33:03.441] [sharedprocess] [info] Scanned user extensions: 11
[2019-06-24 05:38:03.559] [sharedprocess] [info] Scanned user extensions: 11
[2019-06-24 05:43:03.746] [sharedprocess] [info] Scanned user extensions: 11
[2019-06-24 05:48:04.029] [sharedprocess] [info] Scanned user extensions: 11
[2019-06-24 05:53:04.489] [sharedprocess] [info] Scanned user extensions: 11
[2019-06-24 05:58:04.733] [sharedprocess] [info] Scanned user extensions: 11
[2019-06-24 06:03:06.678] [sharedprocess] [info] Scanned user extensions: 11
[2019-06-24 06:08:07.025] [sharedprocess] [info] Scanned user extensions: 11
[2019-06-24 06:13:10.361] [sharedprocess] [info] Scanned user extensions: 11
[2019-06-24 06:18:13.077] [sharedprocess] [info] Scanned user extensions: 11
[2019-06-24 06:23:16.283] [sharedprocess] [info] Scanned user extensions: 11
[2019-06-24 06:28:18.150] [sharedprocess] [info] Scanned user extensions: 11
[2019-06-24 06:33:26.510] [sharedprocess] [info] Scanned user extensions: 11
