[2019-06-12 11:56:15.718] [sharedprocess] [info] main {"machineId":"4b56edd6abb232693e6f5dc4d3b4e54e884ba8309efb39468bce93984b80e05b"}
[2019-06-12 11:56:15.788] [sharedprocess] [info] Scanned user extensions: 11
[2019-06-12 11:56:15.814] [sharedprocess] [info] Scanned user extensions: 11
[2019-06-12 11:56:15.815] [sharedprocess] [info] Scanned user extensions: 11
[2019-06-12 11:56:15.876] [sharedprocess] [info] Scanned system extensions: 72
[2019-06-12 11:56:15.878] [sharedprocess] [info] Scanned system extensions: 72
[2019-06-12 11:56:15.881] [sharedprocess] [info] Scanned system extensions: 72
[2019-06-12 11:56:15.905] [sharedprocess] [info] Scanned user extensions: 11
[2019-06-12 11:56:15.919] [sharedprocess] [info] Scanned system extensions: 72
[2019-06-12 11:56:17.492] [sharedprocess] [info] Scanned user extensions: 11
[2019-06-12 11:56:17.494] [sharedprocess] [info] Scanned user extensions: 11
[2019-06-12 11:56:17.561] [sharedprocess] [info] Scanned system extensions: 72
[2019-06-12 11:56:17.565] [sharedprocess] [info] Scanned system extensions: 72
[2019-06-12 11:56:17.649] [sharedprocess] [info] Scanned user extensions: 11
[2019-06-12 11:56:17.673] [sharedprocess] [info] Scanned system extensions: 72
[2019-06-12 11:56:25.322] [sharedprocess] [info] Scanned user extensions: 11
[2019-06-12 11:56:25.356] [sharedprocess] [info] Scanned system extensions: 72
[2019-06-12 11:56:25.448] [sharedprocess] [info] Scanned user extensions: 11
[2019-06-12 11:56:25.469] [sharedprocess] [info] Scanned system extensions: 72
[2019-06-12 11:56:27.847] [sharedprocess] [info] Scanned user extensions: 11
[2019-06-12 11:56:55.695] [sharedprocess] [info] Starting to clean up unused language packs.
[2019-06-12 12:01:28.426] [sharedprocess] [info] Scanned user extensions: 11
[2019-06-12 12:06:28.442] [sharedprocess] [info] Scanned user extensions: 11
[2019-06-12 12:11:28.453] [sharedprocess] [info] Scanned user extensions: 11
[2019-06-12 12:16:28.461] [sharedprocess] [info] Scanned user extensions: 11
[2019-06-12 12:21:28.475] [sharedprocess] [info] Scanned user extensions: 11
[2019-06-12 12:26:28.490] [sharedprocess] [info] Scanned user extensions: 11
[2019-06-12 12:31:28.504] [sharedprocess] [info] Scanned user extensions: 11
[2019-06-12 12:36:28.526] [sharedprocess] [info] Scanned user extensions: 11
[2019-06-12 12:41:28.536] [sharedprocess] [info] Scanned user extensions: 11
[2019-06-12 12:46:28.553] [sharedprocess] [info] Scanned user extensions: 11
[2019-06-12 12:51:28.565] [sharedprocess] [info] Scanned user extensions: 11
[2019-06-12 12:56:28.582] [sharedprocess] [info] Scanned user extensions: 11
[2019-06-12 13:01:29.444] [sharedprocess] [info] Scanned user extensions: 11
[2019-06-12 13:06:29.459] [sharedprocess] [info] Scanned user extensions: 11
[2019-06-12 13:11:29.472] [sharedprocess] [info] Scanned user extensions: 11
[2019-06-12 13:16:29.488] [sharedprocess] [info] Scanned user extensions: 11
[2019-06-12 13:21:29.504] [sharedprocess] [info] Scanned user extensions: 11
[2019-06-12 13:26:29.519] [sharedprocess] [info] Scanned user extensions: 11
[2019-06-12 13:31:29.528] [sharedprocess] [info] Scanned user extensions: 11
[2019-06-12 13:36:29.793] [sharedprocess] [info] Scanned user extensions: 11
[2019-06-12 13:41:29.800] [sharedprocess] [info] Scanned user extensions: 11
[2019-06-12 13:46:29.809] [sharedprocess] [info] Scanned user extensions: 11
[2019-06-12 13:51:29.822] [sharedprocess] [info] Scanned user extensions: 11
[2019-06-12 13:56:29.839] [sharedprocess] [info] Scanned user extensions: 11
[2019-06-12 14:01:30.488] [sharedprocess] [info] Scanned user extensions: 11
[2019-06-12 14:06:30.520] [sharedprocess] [info] Scanned user extensions: 11
[2019-06-12 14:11:30.533] [sharedprocess] [info] Scanned user extensions: 11
[2019-06-12 14:16:30.553] [sharedprocess] [info] Scanned user extensions: 11
[2019-06-12 14:21:30.567] [sharedprocess] [info] Scanned user extensions: 11
[2019-06-12 14:26:30.584] [sharedprocess] [info] Scanned user extensions: 11
[2019-06-12 14:31:30.597] [sharedprocess] [info] Scanned user extensions: 11
[2019-06-12 14:36:30.614] [sharedprocess] [info] Scanned user extensions: 11
[2019-06-12 14:41:30.630] [sharedprocess] [info] Scanned user extensions: 11
[2019-06-12 14:46:30.645] [sharedprocess] [info] Scanned user extensions: 11
[2019-06-12 14:51:30.678] [sharedprocess] [info] Scanned user extensions: 11
[2019-06-12 14:56:30.690] [sharedprocess] [info] Scanned user extensions: 11
[2019-06-12 15:01:31.286] [sharedprocess] [info] Scanned user extensions: 11
[2019-06-12 15:06:31.303] [sharedprocess] [info] Scanned user extensions: 11
[2019-06-12 15:11:31.318] [sharedprocess] [info] Scanned user extensions: 11
[2019-06-12 15:16:31.333] [sharedprocess] [info] Scanned user extensions: 11
[2019-06-12 15:21:31.348] [sharedprocess] [info] Scanned user extensions: 11
[2019-06-12 15:26:31.371] [sharedprocess] [info] Scanned user extensions: 11
[2019-06-12 15:31:31.388] [sharedprocess] [info] Scanned user extensions: 11
[2019-06-12 15:36:31.403] [sharedprocess] [info] Scanned user extensions: 11
[2019-06-12 15:41:31.411] [sharedprocess] [info] Scanned user extensions: 11
[2019-06-12 15:46:31.427] [sharedprocess] [info] Scanned user extensions: 11
[2019-06-12 15:51:31.443] [sharedprocess] [info] Scanned user extensions: 11
[2019-06-12 15:56:31.459] [sharedprocess] [info] Scanned user extensions: 11
[2019-06-12 16:01:31.943] [sharedprocess] [info] Scanned user extensions: 11
[2019-06-12 16:06:31.959] [sharedprocess] [info] Scanned user extensions: 11
[2019-06-12 16:11:31.973] [sharedprocess] [info] Scanned user extensions: 11
[2019-06-12 16:16:31.983] [sharedprocess] [info] Scanned user extensions: 11
[2019-06-12 16:21:32.018] [sharedprocess] [info] Scanned user extensions: 11
[2019-06-12 16:26:32.037] [sharedprocess] [info] Scanned user extensions: 11
[2019-06-12 16:31:32.052] [sharedprocess] [info] Scanned user extensions: 11
[2019-06-12 16:36:32.068] [sharedprocess] [info] Scanned user extensions: 11
[2019-06-12 16:41:32.085] [sharedprocess] [info] Scanned user extensions: 11
[2019-06-12 16:46:32.100] [sharedprocess] [info] Scanned user extensions: 11
[2019-06-12 16:51:32.118] [sharedprocess] [info] Scanned user extensions: 11
[2019-06-12 16:56:32.133] [sharedprocess] [info] Scanned user extensions: 11
[2019-06-12 17:01:32.661] [sharedprocess] [info] Scanned user extensions: 11
[2019-06-12 17:06:32.681] [sharedprocess] [info] Scanned user extensions: 11
[2019-06-12 17:11:32.698] [sharedprocess] [info] Scanned user extensions: 11
[2019-06-12 17:16:32.713] [sharedprocess] [info] Scanned user extensions: 11
[2019-06-12 17:21:32.729] [sharedprocess] [info] Scanned user extensions: 11
[2019-06-12 17:26:32.744] [sharedprocess] [info] Scanned user extensions: 11
[2019-06-12 17:31:32.757] [sharedprocess] [info] Scanned user extensions: 11
[2019-06-12 17:36:32.774] [sharedprocess] [info] Scanned user extensions: 11
[2019-06-12 17:41:32.780] [sharedprocess] [info] Scanned user extensions: 11
[2019-06-12 17:46:32.794] [sharedprocess] [info] Scanned user extensions: 11
[2019-06-12 17:51:32.803] [sharedprocess] [info] Scanned user extensions: 11
[2019-06-12 17:56:32.818] [sharedprocess] [info] Scanned user extensions: 11
[2019-06-12 18:01:33.336] [sharedprocess] [info] Scanned user extensions: 11
[2019-06-12 18:06:33.350] [sharedprocess] [info] Scanned user extensions: 11
[2019-06-12 18:11:33.367] [sharedprocess] [info] Scanned user extensions: 11
[2019-06-12 18:16:33.377] [sharedprocess] [info] Scanned user extensions: 11
[2019-06-12 18:21:33.392] [sharedprocess] [info] Scanned user extensions: 11
[2019-06-12 18:26:33.410] [sharedprocess] [info] Scanned user extensions: 11
[2019-06-12 18:31:33.430] [sharedprocess] [info] Scanned user extensions: 11
[2019-06-12 18:36:33.446] [sharedprocess] [info] Scanned user extensions: 11
[2019-06-12 18:41:33.460] [sharedprocess] [info] Scanned user extensions: 11
[2019-06-12 18:46:33.477] [sharedprocess] [info] Scanned user extensions: 11
[2019-06-12 18:51:33.492] [sharedprocess] [info] Scanned user extensions: 11
[2019-06-12 18:56:33.507] [sharedprocess] [info] Scanned user extensions: 11
[2019-06-12 19:01:34.081] [sharedprocess] [info] Scanned user extensions: 11
[2019-06-12 19:06:34.095] [sharedprocess] [info] Scanned user extensions: 11
[2019-06-12 19:11:34.112] [sharedprocess] [info] Scanned user extensions: 11
[2019-06-12 19:16:34.179] [sharedprocess] [info] Scanned user extensions: 11
[2019-06-12 19:21:34.194] [sharedprocess] [info] Scanned user extensions: 11
[2019-06-12 19:26:34.210] [sharedprocess] [info] Scanned user extensions: 11
[2019-06-12 19:31:34.226] [sharedprocess] [info] Scanned user extensions: 11
[2019-06-12 19:36:34.234] [sharedprocess] [info] Scanned user extensions: 11
[2019-06-12 19:41:34.247] [sharedprocess] [info] Scanned user extensions: 11
[2019-06-12 19:46:34.265] [sharedprocess] [info] Scanned user extensions: 11
[2019-06-12 19:51:34.279] [sharedprocess] [info] Scanned user extensions: 11
[2019-06-12 19:56:34.296] [sharedprocess] [info] Scanned user extensions: 11
[2019-06-12 20:01:34.784] [sharedprocess] [info] Scanned user extensions: 11
[2019-06-12 20:06:34.801] [sharedprocess] [info] Scanned user extensions: 11
[2019-06-12 20:11:34.816] [sharedprocess] [info] Scanned user extensions: 11
[2019-06-12 20:16:34.831] [sharedprocess] [info] Scanned user extensions: 11
[2019-06-12 20:21:34.850] [sharedprocess] [info] Scanned user extensions: 11
[2019-06-12 20:26:34.865] [sharedprocess] [info] Scanned user extensions: 11
[2019-06-12 20:31:34.882] [sharedprocess] [info] Scanned user extensions: 11
[2019-06-12 20:36:34.897] [sharedprocess] [info] Scanned user extensions: 11
[2019-06-12 20:41:34.916] [sharedprocess] [info] Scanned user extensions: 11
[2019-06-12 20:46:34.933] [sharedprocess] [info] Scanned user extensions: 11
[2019-06-12 20:51:34.948] [sharedprocess] [info] Scanned user extensions: 11
[2019-06-12 20:56:34.961] [sharedprocess] [info] Scanned user extensions: 11
[2019-06-12 21:01:35.532] [sharedprocess] [info] Scanned user extensions: 11
[2019-06-12 21:06:35.551] [sharedprocess] [info] Scanned user extensions: 11
[2019-06-12 21:11:35.568] [sharedprocess] [info] Scanned user extensions: 11
[2019-06-12 21:16:35.581] [sharedprocess] [info] Scanned user extensions: 11
[2019-06-12 21:21:35.597] [sharedprocess] [info] Scanned user extensions: 11
[2019-06-12 21:26:35.608] [sharedprocess] [info] Scanned user extensions: 11
[2019-06-12 21:31:35.626] [sharedprocess] [info] Scanned user extensions: 11
[2019-06-12 21:36:35.640] [sharedprocess] [info] Scanned user extensions: 11
[2019-06-12 21:41:35.657] [sharedprocess] [info] Scanned user extensions: 11
[2019-06-12 21:46:35.675] [sharedprocess] [info] Scanned user extensions: 11
[2019-06-12 21:51:35.692] [sharedprocess] [info] Scanned user extensions: 11
[2019-06-12 21:56:35.707] [sharedprocess] [info] Scanned user extensions: 11
[2019-06-12 22:01:36.212] [sharedprocess] [info] Scanned user extensions: 11
[2019-06-12 22:06:36.227] [sharedprocess] [info] Scanned user extensions: 11
[2019-06-12 22:11:36.244] [sharedprocess] [info] Scanned user extensions: 11
[2019-06-12 22:16:36.258] [sharedprocess] [info] Scanned user extensions: 11
[2019-06-12 22:21:36.273] [sharedprocess] [info] Scanned user extensions: 11
[2019-06-12 22:26:36.290] [sharedprocess] [info] Scanned user extensions: 11
[2019-06-12 22:31:36.305] [sharedprocess] [info] Scanned user extensions: 11
[2019-06-12 22:36:36.321] [sharedprocess] [info] Scanned user extensions: 11
[2019-06-12 22:41:36.335] [sharedprocess] [info] Scanned user extensions: 11
[2019-06-12 22:46:36.355] [sharedprocess] [info] Scanned user extensions: 11
[2019-06-12 22:51:36.370] [sharedprocess] [info] Scanned user extensions: 11
[2019-06-12 22:56:36.385] [sharedprocess] [info] Scanned user extensions: 11
[2019-06-12 23:01:36.869] [sharedprocess] [info] Scanned user extensions: 11
[2019-06-12 23:06:36.886] [sharedprocess] [info] Scanned user extensions: 11
[2019-06-12 23:11:36.906] [sharedprocess] [info] Scanned user extensions: 11
[2019-06-12 23:16:36.921] [sharedprocess] [info] Scanned user extensions: 11
[2019-06-12 23:21:36.937] [sharedprocess] [info] Scanned user extensions: 11
[2019-06-12 23:26:36.952] [sharedprocess] [info] Scanned user extensions: 11
[2019-06-12 23:31:36.969] [sharedprocess] [info] Scanned user extensions: 11
[2019-06-12 23:36:36.983] [sharedprocess] [info] Scanned user extensions: 11
[2019-06-12 23:41:36.997] [sharedprocess] [info] Scanned user extensions: 11
[2019-06-12 23:46:37.012] [sharedprocess] [info] Scanned user extensions: 11
[2019-06-12 23:51:37.026] [sharedprocess] [info] Scanned user extensions: 11
[2019-06-12 23:56:29.431] [sharedprocess] [info] Installing extension: fivethree.vscode-svelte-snippets
[2019-06-12 23:56:29.435] [sharedprocess] [info] Scanned user extensions: 11
[2019-06-12 23:56:33.783] [sharedprocess] [info] Downloaded extension: fivethree.vscode-svelte-snippets /tmp/6d739d88-7e39-47ec-b720-608b4150f50a
[2019-06-12 23:56:34.020] [sharedprocess] [info] Extracted extension to /root/.vscode/extensions/.fivethree.vscode-svelte-snippets-0.1.4: fivethree.vscode-svelte-snippets
[2019-06-12 23:56:34.172] [sharedprocess] [info] Renamed to /root/.vscode/extensions/fivethree.vscode-svelte-snippets-0.1.4
[2019-06-12 23:56:34.173] [sharedprocess] [info] Installation completed. fivethree.vscode-svelte-snippets
[2019-06-12 23:56:34.287] [sharedprocess] [info] Extensions installed successfully: fivethree.vscode-svelte-snippets
[2019-06-12 23:56:37.089] [sharedprocess] [info] Scanned user extensions: 11
[2019-06-13 00:01:37.735] [sharedprocess] [info] Scanned user extensions: 11
[2019-06-13 00:06:37.799] [sharedprocess] [info] Scanned user extensions: 11
[2019-06-13 00:11:37.861] [sharedprocess] [info] Scanned user extensions: 11
[2019-06-13 00:16:37.914] [sharedprocess] [info] Scanned user extensions: 11
[2019-06-13 00:21:37.972] [sharedprocess] [info] Scanned user extensions: 11
[2019-06-13 00:26:38.054] [sharedprocess] [info] Scanned user extensions: 11
[2019-06-13 00:31:38.161] [sharedprocess] [info] Scanned user extensions: 11
[2019-06-13 00:36:38.234] [sharedprocess] [info] Scanned user extensions: 11
[2019-06-13 00:41:38.323] [sharedprocess] [info] Scanned user extensions: 11
[2019-06-13 00:46:38.384] [sharedprocess] [info] Scanned user extensions: 11
[2019-06-13 00:51:38.475] [sharedprocess] [info] Scanned user extensions: 11
[2019-06-13 00:56:38.527] [sharedprocess] [info] Scanned user extensions: 11
[2019-06-13 01:01:39.077] [sharedprocess] [info] Scanned user extensions: 11
[2019-06-13 01:06:39.152] [sharedprocess] [info] Scanned user extensions: 11
[2019-06-13 01:11:39.212] [sharedprocess] [info] Scanned user extensions: 11
[2019-06-13 01:16:39.265] [sharedprocess] [info] Scanned user extensions: 11
[2019-06-13 01:21:39.318] [sharedprocess] [info] Scanned user extensions: 11
[2019-06-13 01:26:39.417] [sharedprocess] [info] Scanned user extensions: 11
[2019-06-13 01:31:39.520] [sharedprocess] [info] Scanned user extensions: 11
[2019-06-13 01:36:39.574] [sharedprocess] [info] Scanned user extensions: 11
[2019-06-13 01:41:39.641] [sharedprocess] [info] Scanned user extensions: 11
[2019-06-13 01:46:39.710] [sharedprocess] [info] Scanned user extensions: 11
[2019-06-13 01:51:39.774] [sharedprocess] [info] Scanned user extensions: 11
[2019-06-13 01:56:39.838] [sharedprocess] [info] Scanned user extensions: 11
[2019-06-13 02:01:40.446] [sharedprocess] [info] Scanned user extensions: 11
[2019-06-13 02:06:40.523] [sharedprocess] [info] Scanned user extensions: 11
[2019-06-13 02:11:40.580] [sharedprocess] [info] Scanned user extensions: 11
[2019-06-13 02:16:40.642] [sharedprocess] [info] Scanned user extensions: 11
[2019-06-13 02:21:40.707] [sharedprocess] [info] Scanned user extensions: 11
[2019-06-13 02:26:40.787] [sharedprocess] [info] Scanned user extensions: 11
[2019-06-13 02:31:40.859] [sharedprocess] [info] Scanned user extensions: 11
[2019-06-13 02:36:40.956] [sharedprocess] [info] Scanned user extensions: 11
[2019-06-13 02:41:41.044] [sharedprocess] [info] Scanned user extensions: 11
[2019-06-13 02:46:41.103] [sharedprocess] [info] Scanned user extensions: 11
[2019-06-13 02:51:41.170] [sharedprocess] [info] Scanned user extensions: 11
[2019-06-13 02:56:41.241] [sharedprocess] [info] Scanned user extensions: 11
[2019-06-13 03:01:41.838] [sharedprocess] [info] Scanned user extensions: 11
[2019-06-13 03:06:41.916] [sharedprocess] [info] Scanned user extensions: 11
[2019-06-13 03:11:41.979] [sharedprocess] [info] Scanned user extensions: 11
[2019-06-13 03:16:42.035] [sharedprocess] [info] Scanned user extensions: 11
[2019-06-13 03:21:42.091] [sharedprocess] [info] Scanned user extensions: 11
[2019-06-13 03:26:42.151] [sharedprocess] [info] Scanned user extensions: 11
[2019-06-13 03:31:42.233] [sharedprocess] [info] Scanned user extensions: 11
[2019-06-13 03:36:42.299] [sharedprocess] [info] Scanned user extensions: 11
[2019-06-13 03:41:42.359] [sharedprocess] [info] Scanned user extensions: 11
[2019-06-13 03:46:42.422] [sharedprocess] [info] Scanned user extensions: 11
[2019-06-13 03:51:42.499] [sharedprocess] [info] Scanned user extensions: 11
[2019-06-13 03:56:42.578] [sharedprocess] [info] Scanned user extensions: 11
[2019-06-13 04:01:43.197] [sharedprocess] [info] Scanned user extensions: 11
[2019-06-13 04:06:43.245] [sharedprocess] [info] Scanned user extensions: 11
[2019-06-13 04:11:43.320] [sharedprocess] [info] Scanned user extensions: 11
[2019-06-13 04:16:43.370] [sharedprocess] [info] Scanned user extensions: 11
[2019-06-13 04:21:43.907] [sharedprocess] [info] Scanned user extensions: 11
[2019-06-13 04:26:43.972] [sharedprocess] [info] Scanned user extensions: 11
[2019-06-13 04:31:44.030] [sharedprocess] [info] Scanned user extensions: 11
[2019-06-13 04:36:44.086] [sharedprocess] [info] Scanned user extensions: 11
[2019-06-13 04:41:44.168] [sharedprocess] [info] Scanned user extensions: 11
[2019-06-13 04:46:44.224] [sharedprocess] [info] Scanned user extensions: 11
[2019-06-13 04:51:44.295] [sharedprocess] [info] Scanned user extensions: 11
[2019-06-13 04:56:44.363] [sharedprocess] [info] Scanned user extensions: 11
[2019-06-13 05:01:45.248] [sharedprocess] [info] Scanned user extensions: 11
[2019-06-13 05:06:45.311] [sharedprocess] [info] Scanned user extensions: 11
[2019-06-13 05:11:45.366] [sharedprocess] [info] Scanned user extensions: 11
[2019-06-13 05:16:45.426] [sharedprocess] [info] Scanned user extensions: 11
[2019-06-13 05:21:45.478] [sharedprocess] [info] Scanned user extensions: 11
[2019-06-13 05:26:45.543] [sharedprocess] [info] Scanned user extensions: 11
[2019-06-13 05:31:45.606] [sharedprocess] [info] Scanned user extensions: 11
[2019-06-13 05:36:45.692] [sharedprocess] [info] Scanned user extensions: 11
[2019-06-13 05:41:45.754] [sharedprocess] [info] Scanned user extensions: 11
[2019-06-13 05:46:45.842] [sharedprocess] [info] Scanned user extensions: 11
[2019-06-13 05:51:45.958] [sharedprocess] [info] Scanned user extensions: 11
[2019-06-13 05:56:46.013] [sharedprocess] [info] Scanned user extensions: 11
[2019-06-13 06:01:46.675] [sharedprocess] [info] Scanned user extensions: 11
[2019-06-13 06:06:46.745] [sharedprocess] [info] Scanned user extensions: 11
[2019-06-13 06:11:46.830] [sharedprocess] [info] Scanned user extensions: 11
[2019-06-13 06:16:47.671] [sharedprocess] [info] Scanned user extensions: 11
[2019-06-13 06:21:49.732] [sharedprocess] [info] Scanned user extensions: 11
[2019-06-13 06:26:49.805] [sharedprocess] [info] Scanned user extensions: 11
[2019-06-13 06:31:49.859] [sharedprocess] [info] Scanned user extensions: 11
[2019-06-13 06:36:50.286] [sharedprocess] [info] Scanned user extensions: 11
[2019-06-13 06:41:52.264] [sharedprocess] [info] Scanned user extensions: 11
[2019-06-13 06:46:52.309] [sharedprocess] [info] Scanned user extensions: 11
[2019-06-13 06:51:52.458] [sharedprocess] [info] Scanned user extensions: 11
[2019-06-13 06:56:52.533] [sharedprocess] [info] Scanned user extensions: 11
[2019-06-13 07:01:53.706] [sharedprocess] [info] Scanned user extensions: 11
[2019-06-13 07:06:53.771] [sharedprocess] [info] Scanned user extensions: 11
[2019-06-13 07:11:53.852] [sharedprocess] [info] Scanned user extensions: 11
[2019-06-13 07:16:53.908] [sharedprocess] [info] Scanned user extensions: 11
[2019-06-13 07:21:53.992] [sharedprocess] [info] Scanned user extensions: 11
[2019-06-13 07:26:54.051] [sharedprocess] [info] Scanned user extensions: 11
[2019-06-13 07:31:54.114] [sharedprocess] [info] Scanned user extensions: 11
[2019-06-13 07:36:54.190] [sharedprocess] [info] Scanned user extensions: 11
[2019-06-13 07:42:03.159] [sharedprocess] [info] Scanned user extensions: 11
[2019-06-13 07:47:03.402] [sharedprocess] [info] Scanned user extensions: 11
[2019-06-13 07:52:03.496] [sharedprocess] [info] Scanned user extensions: 11
[2019-06-13 07:57:03.535] [sharedprocess] [info] Scanned user extensions: 11
[2019-06-13 08:02:04.655] [sharedprocess] [info] Scanned user extensions: 11
[2019-06-13 08:07:06.972] [sharedprocess] [info] Scanned user extensions: 11
[2019-06-13 08:12:07.043] [sharedprocess] [info] Scanned user extensions: 11
[2019-06-13 08:17:07.114] [sharedprocess] [info] Scanned user extensions: 11
[2019-06-13 08:22:07.178] [sharedprocess] [info] Scanned user extensions: 11
[2019-06-13 08:27:07.395] [sharedprocess] [info] Scanned user extensions: 11
[2019-06-13 08:32:07.457] [sharedprocess] [info] Scanned user extensions: 11
[2019-06-13 08:37:07.519] [sharedprocess] [info] Scanned user extensions: 11
[2019-06-13 08:42:17.798] [sharedprocess] [info] Scanned user extensions: 11
[2019-06-13 08:47:18.677] [sharedprocess] [info] Scanned user extensions: 11
[2019-06-13 08:52:18.740] [sharedprocess] [info] Scanned user extensions: 11
[2019-06-13 08:57:19.401] [sharedprocess] [info] Scanned user extensions: 11
[2019-06-13 09:02:20.486] [sharedprocess] [info] Scanned user extensions: 11
[2019-06-13 09:07:21.328] [sharedprocess] [info] Scanned user extensions: 11
[2019-06-13 09:12:21.585] [sharedprocess] [info] Scanned user extensions: 11
[2019-06-13 09:17:21.649] [sharedprocess] [info] Scanned user extensions: 11
[2019-06-13 09:22:22.587] [sharedprocess] [info] Scanned user extensions: 11
[2019-06-13 09:27:22.675] [sharedprocess] [info] Scanned user extensions: 11
[2019-06-13 09:32:23.362] [sharedprocess] [info] Scanned user extensions: 11
[2019-06-13 09:37:26.017] [sharedprocess] [info] Scanned user extensions: 11
[2019-06-13 09:42:27.937] [sharedprocess] [info] Scanned user extensions: 11
[2019-06-13 09:47:30.259] [sharedprocess] [info] Scanned user extensions: 11
[2019-06-13 09:52:30.422] [sharedprocess] [info] Scanned user extensions: 11
[2019-06-13 09:57:30.495] [sharedprocess] [info] Scanned user extensions: 11
[2019-06-13 10:02:31.611] [sharedprocess] [info] Scanned user extensions: 11
[2019-06-13 10:07:31.691] [sharedprocess] [info] Scanned user extensions: 11
[2019-06-13 10:12:31.734] [sharedprocess] [info] Scanned user extensions: 11
[2019-06-13 10:17:31.784] [sharedprocess] [info] Scanned user extensions: 11
[2019-06-13 10:22:34.803] [sharedprocess] [info] Scanned user extensions: 11
[2019-06-13 10:27:34.967] [sharedprocess] [info] Scanned user extensions: 11
[2019-06-13 10:32:36.101] [sharedprocess] [info] Scanned user extensions: 11
[2019-06-13 10:37:38.558] [sharedprocess] [info] Scanned user extensions: 11
[2019-06-13 10:42:40.297] [sharedprocess] [info] Scanned user extensions: 11
[2019-06-13 10:47:42.129] [sharedprocess] [info] Scanned user extensions: 11
[2019-06-13 10:52:42.231] [sharedprocess] [info] Scanned user extensions: 11
[2019-06-13 10:57:42.285] [sharedprocess] [info] Scanned user extensions: 11
[2019-06-13 11:02:43.807] [sharedprocess] [info] Scanned user extensions: 11
[2019-06-13 11:07:43.862] [sharedprocess] [info] Scanned user extensions: 11
[2019-06-13 11:12:43.926] [sharedprocess] [info] Scanned user extensions: 11
[2019-06-13 11:17:43.982] [sharedprocess] [info] Scanned user extensions: 11
[2019-06-13 11:22:44.035] [sharedprocess] [info] Scanned user extensions: 11
[2019-06-13 11:27:44.107] [sharedprocess] [info] Scanned user extensions: 11
[2019-06-13 11:32:44.170] [sharedprocess] [info] Scanned user extensions: 11
[2019-06-13 11:37:44.219] [sharedprocess] [info] Scanned user extensions: 11
[2019-06-13 11:42:44.282] [sharedprocess] [info] Scanned user extensions: 11
[2019-06-13 11:47:44.352] [sharedprocess] [info] Scanned user extensions: 11
[2019-06-13 11:52:44.417] [sharedprocess] [info] Scanned user extensions: 11
[2019-06-13 11:57:44.528] [sharedprocess] [info] Scanned user extensions: 11
[2019-06-13 12:02:45.135] [sharedprocess] [info] Scanned user extensions: 11
[2019-06-13 12:07:45.194] [sharedprocess] [info] Scanned user extensions: 11
[2019-06-13 12:12:45.326] [sharedprocess] [info] Scanned user extensions: 11
[2019-06-13 12:17:45.415] [sharedprocess] [info] Scanned user extensions: 11
[2019-06-13 12:22:45.486] [sharedprocess] [info] Scanned user extensions: 11
[2019-06-13 12:27:45.544] [sharedprocess] [info] Scanned user extensions: 11
[2019-06-13 12:32:45.642] [sharedprocess] [info] Scanned user extensions: 11
[2019-06-13 12:37:45.708] [sharedprocess] [info] Scanned user extensions: 11
[2019-06-13 12:42:45.874] [sharedprocess] [info] Scanned user extensions: 11
[2019-06-13 12:47:45.923] [sharedprocess] [info] Scanned user extensions: 11
[2019-06-13 12:52:46.541] [sharedprocess] [info] Scanned user extensions: 11
[2019-06-13 12:57:46.624] [sharedprocess] [info] Scanned user extensions: 11
[2019-06-13 13:02:47.932] [sharedprocess] [info] Scanned user extensions: 11
[2019-06-13 13:07:48.031] [sharedprocess] [info] Scanned user extensions: 11
[2019-06-13 13:12:48.080] [sharedprocess] [info] Scanned user extensions: 11
[2019-06-13 13:17:48.133] [sharedprocess] [info] Scanned user extensions: 11
[2019-06-13 13:22:48.189] [sharedprocess] [info] Scanned user extensions: 11
[2019-06-13 13:27:48.256] [sharedprocess] [info] Scanned user extensions: 11
[2019-06-13 13:32:48.341] [sharedprocess] [info] Scanned user extensions: 11
[2019-06-13 13:37:48.395] [sharedprocess] [info] Scanned user extensions: 11
[2019-06-13 13:42:48.465] [sharedprocess] [info] Scanned user extensions: 11
[2019-06-13 13:47:48.514] [sharedprocess] [info] Scanned user extensions: 11
[2019-06-13 13:52:48.574] [sharedprocess] [info] Scanned user extensions: 11
[2019-06-13 13:57:48.644] [sharedprocess] [info] Scanned user extensions: 11
[2019-06-13 14:02:49.249] [sharedprocess] [info] Scanned user extensions: 11
[2019-06-13 14:07:49.299] [sharedprocess] [info] Scanned user extensions: 11
[2019-06-13 14:12:49.358] [sharedprocess] [info] Scanned user extensions: 11
[2019-06-13 14:17:49.418] [sharedprocess] [info] Scanned user extensions: 11
[2019-06-13 14:22:49.480] [sharedprocess] [info] Scanned user extensions: 11
[2019-06-13 14:27:49.562] [sharedprocess] [info] Scanned user extensions: 11
[2019-06-13 14:32:49.622] [sharedprocess] [info] Scanned user extensions: 11
[2019-06-13 14:37:49.727] [sharedprocess] [info] Scanned user extensions: 11
[2019-06-13 14:42:49.797] [sharedprocess] [info] Scanned user extensions: 11
[2019-06-13 14:47:49.890] [sharedprocess] [info] Scanned user extensions: 11
[2019-06-13 14:52:49.960] [sharedprocess] [info] Scanned user extensions: 11
[2019-06-13 14:57:50.018] [sharedprocess] [info] Scanned user extensions: 11
[2019-06-13 15:02:50.612] [sharedprocess] [info] Scanned user extensions: 11
[2019-06-13 15:07:50.674] [sharedprocess] [info] Scanned user extensions: 11
[2019-06-13 15:12:50.759] [sharedprocess] [info] Scanned user extensions: 11
[2019-06-13 15:17:50.842] [sharedprocess] [info] Scanned user extensions: 11
[2019-06-13 15:22:50.893] [sharedprocess] [info] Scanned user extensions: 11
[2019-06-13 15:27:50.959] [sharedprocess] [info] Scanned user extensions: 11
[2019-06-13 15:32:51.019] [sharedprocess] [info] Scanned user extensions: 11
[2019-06-13 15:37:51.077] [sharedprocess] [info] Scanned user extensions: 11
[2019-06-13 15:42:51.138] [sharedprocess] [info] Scanned user extensions: 11
[2019-06-13 15:47:51.209] [sharedprocess] [info] Scanned user extensions: 11
[2019-06-13 15:52:51.272] [sharedprocess] [info] Scanned user extensions: 11
[2019-06-13 15:57:51.342] [sharedprocess] [info] Scanned user extensions: 11
[2019-06-13 16:02:51.947] [sharedprocess] [info] Scanned user extensions: 11
[2019-06-13 16:07:52.042] [sharedprocess] [info] Scanned user extensions: 11
[2019-06-13 16:12:52.091] [sharedprocess] [info] Scanned user extensions: 11
[2019-06-13 16:17:52.151] [sharedprocess] [info] Scanned user extensions: 11
[2019-06-13 16:22:52.217] [sharedprocess] [info] Scanned user extensions: 11
[2019-06-13 16:27:52.280] [sharedprocess] [info] Scanned user extensions: 11
[2019-06-13 16:32:52.507] [sharedprocess] [info] Scanned user extensions: 11
[2019-06-13 16:37:52.580] [sharedprocess] [info] Scanned user extensions: 11
[2019-06-13 16:42:52.631] [sharedprocess] [info] Scanned user extensions: 11
[2019-06-13 16:47:52.753] [sharedprocess] [info] Scanned user extensions: 11
[2019-06-13 16:52:52.825] [sharedprocess] [info] Scanned user extensions: 11
[2019-06-13 16:57:52.908] [sharedprocess] [info] Scanned user extensions: 11
[2019-06-13 17:02:53.479] [sharedprocess] [info] Scanned user extensions: 11
[2019-06-13 17:07:53.533] [sharedprocess] [info] Scanned user extensions: 11
[2019-06-13 17:12:53.616] [sharedprocess] [info] Scanned user extensions: 11
[2019-06-13 17:17:53.687] [sharedprocess] [info] Scanned user extensions: 11
[2019-06-13 17:22:53.775] [sharedprocess] [info] Scanned user extensions: 11
[2019-06-13 17:27:53.859] [sharedprocess] [info] Scanned user extensions: 11
[2019-06-13 17:32:53.910] [sharedprocess] [info] Scanned user extensions: 11
[2019-06-13 17:37:53.971] [sharedprocess] [info] Scanned user extensions: 11
[2019-06-13 17:42:54.037] [sharedprocess] [info] Scanned user extensions: 11
[2019-06-13 17:47:54.100] [sharedprocess] [info] Scanned user extensions: 11
[2019-06-13 17:52:54.165] [sharedprocess] [info] Scanned user extensions: 11
[2019-06-13 17:57:54.227] [sharedprocess] [info] Scanned user extensions: 11
[2019-06-13 18:02:54.796] [sharedprocess] [info] Scanned user extensions: 11
[2019-06-13 18:07:54.860] [sharedprocess] [info] Scanned user extensions: 11
[2019-06-13 18:12:54.923] [sharedprocess] [info] Scanned user extensions: 11
[2019-06-13 18:17:54.969] [sharedprocess] [info] Scanned user extensions: 11
[2019-06-13 18:22:55.032] [sharedprocess] [info] Scanned user extensions: 11
[2019-06-13 18:27:55.088] [sharedprocess] [info] Scanned user extensions: 11
[2019-06-13 18:32:55.172] [sharedprocess] [info] Scanned user extensions: 11
[2019-06-13 18:37:55.230] [sharedprocess] [info] Scanned user extensions: 11
[2019-06-13 18:42:55.303] [sharedprocess] [info] Scanned user extensions: 11
[2019-06-13 18:47:55.367] [sharedprocess] [info] Scanned user extensions: 11
[2019-06-13 18:52:55.431] [sharedprocess] [info] Scanned user extensions: 11
[2019-06-13 18:57:55.493] [sharedprocess] [info] Scanned user extensions: 11
[2019-06-13 19:02:57.903] [sharedprocess] [info] Scanned user extensions: 11
[2019-06-13 19:07:57.971] [sharedprocess] [info] Scanned user extensions: 11
[2019-06-13 19:12:58.234] [sharedprocess] [info] Scanned user extensions: 11
[2019-06-13 19:17:58.289] [sharedprocess] [info] Scanned user extensions: 11
[2019-06-13 19:22:58.343] [sharedprocess] [info] Scanned user extensions: 11
[2019-06-13 19:27:58.441] [sharedprocess] [info] Scanned user extensions: 11
[2019-06-13 19:32:58.503] [sharedprocess] [info] Scanned user extensions: 11
[2019-06-13 19:37:58.559] [sharedprocess] [info] Scanned user extensions: 11
[2019-06-13 19:42:58.621] [sharedprocess] [info] Scanned user extensions: 11
[2019-06-13 19:47:58.674] [sharedprocess] [info] Scanned user extensions: 11
[2019-06-13 19:52:58.736] [sharedprocess] [info] Scanned user extensions: 11
[2019-06-13 19:57:58.788] [sharedprocess] [info] Scanned user extensions: 11
[2019-06-13 20:02:59.430] [sharedprocess] [info] Scanned user extensions: 11
[2019-06-13 20:07:59.492] [sharedprocess] [info] Scanned user extensions: 11
[2019-06-13 20:12:59.566] [sharedprocess] [info] Scanned user extensions: 11
[2019-06-13 20:17:59.631] [sharedprocess] [info] Scanned user extensions: 11
[2019-06-13 20:22:59.695] [sharedprocess] [info] Scanned user extensions: 11
[2019-06-13 20:27:59.795] [sharedprocess] [info] Scanned user extensions: 11
[2019-06-13 20:32:59.835] [sharedprocess] [info] Scanned user extensions: 11
[2019-06-13 20:37:59.898] [sharedprocess] [info] Scanned user extensions: 11
[2019-06-13 20:42:59.950] [sharedprocess] [info] Scanned user extensions: 11
[2019-06-13 20:48:00.012] [sharedprocess] [info] Scanned user extensions: 11
[2019-06-13 20:53:00.063] [sharedprocess] [info] Scanned user extensions: 11
[2019-06-13 20:58:00.115] [sharedprocess] [info] Scanned user extensions: 11
[2019-06-13 21:03:00.727] [sharedprocess] [info] Scanned user extensions: 11
[2019-06-13 21:08:00.787] [sharedprocess] [info] Scanned user extensions: 11
[2019-06-13 21:13:00.841] [sharedprocess] [info] Scanned user extensions: 11
[2019-06-13 21:18:00.905] [sharedprocess] [info] Scanned user extensions: 11
[2019-06-13 21:23:00.977] [sharedprocess] [info] Scanned user extensions: 11
[2019-06-13 21:28:01.038] [sharedprocess] [info] Scanned user extensions: 11
[2019-06-13 21:33:01.096] [sharedprocess] [info] Scanned user extensions: 11
[2019-06-13 21:38:01.154] [sharedprocess] [info] Scanned user extensions: 11
[2019-06-13 21:43:01.203] [sharedprocess] [info] Scanned user extensions: 11
[2019-06-13 21:48:01.263] [sharedprocess] [info] Scanned user extensions: 11
[2019-06-13 21:53:01.322] [sharedprocess] [info] Scanned user extensions: 11
[2019-06-13 21:58:01.383] [sharedprocess] [info] Scanned user extensions: 11
[2019-06-13 22:03:01.934] [sharedprocess] [info] Scanned user extensions: 11
[2019-06-13 22:08:01.986] [sharedprocess] [info] Scanned user extensions: 11
[2019-06-13 22:13:02.037] [sharedprocess] [info] Scanned user extensions: 11
[2019-06-13 22:18:02.099] [sharedprocess] [info] Scanned user extensions: 11
[2019-06-13 22:23:02.161] [sharedprocess] [info] Scanned user extensions: 11
[2019-06-13 22:28:02.226] [sharedprocess] [info] Scanned user extensions: 11
[2019-06-13 22:33:02.277] [sharedprocess] [info] Scanned user extensions: 11
[2019-06-13 22:38:02.333] [sharedprocess] [info] Scanned user extensions: 11
[2019-06-13 22:43:02.387] [sharedprocess] [info] Scanned user extensions: 11
[2019-06-13 22:48:02.441] [sharedprocess] [info] Scanned user extensions: 11
[2019-06-13 22:53:02.504] [sharedprocess] [info] Scanned user extensions: 11
[2019-06-13 22:58:02.568] [sharedprocess] [info] Scanned user extensions: 11
[2019-06-13 23:03:03.164] [sharedprocess] [info] Scanned user extensions: 11
[2019-06-13 23:08:03.272] [sharedprocess] [info] Scanned user extensions: 11
[2019-06-13 23:13:03.320] [sharedprocess] [info] Scanned user extensions: 11
[2019-06-13 23:18:03.382] [sharedprocess] [info] Scanned user extensions: 11
[2019-06-13 23:23:03.454] [sharedprocess] [info] Scanned user extensions: 11
[2019-06-13 23:28:03.519] [sharedprocess] [info] Scanned user extensions: 11
[2019-06-13 23:33:03.580] [sharedprocess] [info] Scanned user extensions: 11
[2019-06-13 23:38:03.642] [sharedprocess] [info] Scanned user extensions: 11
[2019-06-13 23:43:03.706] [sharedprocess] [info] Scanned user extensions: 11
[2019-06-13 23:48:03.767] [sharedprocess] [info] Scanned user extensions: 11
[2019-06-13 23:53:03.817] [sharedprocess] [info] Scanned user extensions: 11
[2019-06-13 23:58:03.915] [sharedprocess] [info] Scanned user extensions: 11
[2019-06-14 00:03:04.518] [sharedprocess] [info] Scanned user extensions: 11
[2019-06-14 00:08:04.568] [sharedprocess] [info] Scanned user extensions: 11
[2019-06-14 00:13:04.622] [sharedprocess] [info] Scanned user extensions: 11
[2019-06-14 00:18:04.691] [sharedprocess] [info] Scanned user extensions: 11
[2019-06-14 00:23:04.754] [sharedprocess] [info] Scanned user extensions: 11
[2019-06-14 00:28:04.807] [sharedprocess] [info] Scanned user extensions: 11
[2019-06-14 00:33:04.867] [sharedprocess] [info] Scanned user extensions: 11
[2019-06-14 00:38:04.915] [sharedprocess] [info] Scanned user extensions: 11
[2019-06-14 00:43:04.988] [sharedprocess] [info] Scanned user extensions: 11
[2019-06-14 00:48:05.058] [sharedprocess] [info] Scanned user extensions: 11
[2019-06-14 00:53:05.131] [sharedprocess] [info] Scanned user extensions: 11
[2019-06-14 00:58:05.194] [sharedprocess] [info] Scanned user extensions: 11
[2019-06-14 01:03:05.822] [sharedprocess] [info] Scanned user extensions: 11
[2019-06-14 01:08:05.884] [sharedprocess] [info] Scanned user extensions: 11
[2019-06-14 01:13:05.924] [sharedprocess] [info] Scanned user extensions: 11
[2019-06-14 01:18:06.007] [sharedprocess] [info] Scanned user extensions: 11
[2019-06-14 01:23:06.055] [sharedprocess] [info] Scanned user extensions: 11
[2019-06-14 01:28:06.114] [sharedprocess] [info] Scanned user extensions: 11
[2019-06-14 01:33:06.181] [sharedprocess] [info] Scanned user extensions: 11
[2019-06-14 01:38:06.255] [sharedprocess] [info] Scanned user extensions: 11
[2019-06-14 01:43:06.324] [sharedprocess] [info] Scanned user extensions: 11
[2019-06-14 01:48:06.394] [sharedprocess] [info] Scanned user extensions: 11
[2019-06-14 01:53:06.442] [sharedprocess] [info] Scanned user extensions: 11
[2019-06-14 01:58:06.491] [sharedprocess] [info] Scanned user extensions: 11
[2019-06-14 02:03:07.156] [sharedprocess] [info] Scanned user extensions: 11
[2019-06-14 02:08:07.206] [sharedprocess] [info] Scanned user extensions: 11
[2019-06-14 02:13:07.260] [sharedprocess] [info] Scanned user extensions: 11
[2019-06-14 02:18:07.310] [sharedprocess] [info] Scanned user extensions: 11
[2019-06-14 02:23:07.359] [sharedprocess] [info] Scanned user extensions: 11
[2019-06-14 02:28:07.421] [sharedprocess] [info] Scanned user extensions: 11
[2019-06-14 02:33:07.480] [sharedprocess] [info] Scanned user extensions: 11
[2019-06-14 02:38:07.542] [sharedprocess] [info] Scanned user extensions: 11
[2019-06-14 02:43:07.612] [sharedprocess] [info] Scanned user extensions: 11
[2019-06-14 02:48:07.671] [sharedprocess] [info] Scanned user extensions: 11
[2019-06-14 02:53:07.732] [sharedprocess] [info] Scanned user extensions: 11
[2019-06-14 02:58:07.793] [sharedprocess] [info] Scanned user extensions: 11
[2019-06-14 03:03:08.454] [sharedprocess] [info] Scanned user extensions: 11
[2019-06-14 03:08:08.526] [sharedprocess] [info] Scanned user extensions: 11
[2019-06-14 03:13:08.652] [sharedprocess] [info] Scanned user extensions: 11
[2019-06-14 03:18:08.722] [sharedprocess] [info] Scanned user extensions: 11
[2019-06-14 03:23:08.803] [sharedprocess] [info] Scanned user extensions: 11
[2019-06-14 03:28:08.865] [sharedprocess] [info] Scanned user extensions: 11
[2019-06-14 03:33:08.924] [sharedprocess] [info] Scanned user extensions: 11
[2019-06-14 03:38:08.985] [sharedprocess] [info] Scanned user extensions: 11
[2019-06-14 03:43:09.034] [sharedprocess] [info] Scanned user extensions: 11
[2019-06-14 03:48:09.094] [sharedprocess] [info] Scanned user extensions: 11
[2019-06-14 03:53:09.153] [sharedprocess] [info] Scanned user extensions: 11
[2019-06-14 03:58:09.213] [sharedprocess] [info] Scanned user extensions: 11
[2019-06-14 04:03:09.864] [sharedprocess] [info] Scanned user extensions: 11
[2019-06-14 04:08:09.926] [sharedprocess] [info] Scanned user extensions: 11
[2019-06-14 04:13:10.025] [sharedprocess] [info] Scanned user extensions: 11
[2019-06-14 04:18:10.105] [sharedprocess] [info] Scanned user extensions: 11
[2019-06-14 04:23:10.171] [sharedprocess] [info] Scanned user extensions: 11
[2019-06-14 04:28:11.593] [sharedprocess] [info] Scanned user extensions: 11
[2019-06-14 04:33:11.726] [sharedprocess] [info] Scanned user extensions: 11
[2019-06-14 04:38:11.787] [sharedprocess] [info] Scanned user extensions: 11
[2019-06-14 04:43:11.851] [sharedprocess] [info] Scanned user extensions: 11
[2019-06-14 04:48:12.078] [sharedprocess] [info] Scanned user extensions: 11
[2019-06-14 04:53:12.146] [sharedprocess] [info] Scanned user extensions: 11
[2019-06-14 04:58:12.202] [sharedprocess] [info] Scanned user extensions: 11
[2019-06-14 05:03:13.413] [sharedprocess] [info] Scanned user extensions: 11
[2019-06-14 05:08:13.467] [sharedprocess] [info] Scanned user extensions: 11
[2019-06-14 05:13:13.552] [sharedprocess] [info] Scanned user extensions: 11
[2019-06-14 05:18:13.617] [sharedprocess] [info] Scanned user extensions: 11
[2019-06-14 05:23:13.666] [sharedprocess] [info] Scanned user extensions: 11
[2019-06-14 05:28:13.721] [sharedprocess] [info] Scanned user extensions: 11
[2019-06-14 05:33:13.773] [sharedprocess] [info] Scanned user extensions: 11
[2019-06-14 05:38:13.826] [sharedprocess] [info] Scanned user extensions: 11
[2019-06-14 05:43:13.901] [sharedprocess] [info] Scanned user extensions: 11
[2019-06-14 05:48:13.963] [sharedprocess] [info] Scanned user extensions: 11
[2019-06-14 05:53:14.015] [sharedprocess] [info] Scanned user extensions: 11
[2019-06-14 05:58:14.078] [sharedprocess] [info] Scanned user extensions: 11
[2019-06-14 06:03:14.761] [sharedprocess] [info] Scanned user extensions: 11
[2019-06-14 06:08:14.814] [sharedprocess] [info] Scanned user extensions: 11
[2019-06-14 06:13:14.867] [sharedprocess] [info] Scanned user extensions: 11
[2019-06-14 06:18:14.923] [sharedprocess] [info] Scanned user extensions: 11
[2019-06-14 06:23:14.979] [sharedprocess] [info] Scanned user extensions: 11
[2019-06-14 06:28:15.069] [sharedprocess] [info] Scanned user extensions: 11
[2019-06-14 06:33:15.154] [sharedprocess] [info] Scanned user extensions: 11
[2019-06-14 06:38:15.206] [sharedprocess] [info] Scanned user extensions: 11
[2019-06-14 06:43:15.247] [sharedprocess] [info] Scanned user extensions: 11
[2019-06-14 06:48:15.309] [sharedprocess] [info] Scanned user extensions: 11
[2019-06-14 06:53:15.372] [sharedprocess] [info] Scanned user extensions: 11
[2019-06-14 06:58:15.471] [sharedprocess] [info] Scanned user extensions: 11
[2019-06-14 07:03:21.136] [sharedprocess] [info] Scanned user extensions: 11
[2019-06-14 07:08:21.199] [sharedprocess] [info] Scanned user extensions: 11
[2019-06-14 07:13:21.277] [sharedprocess] [info] Scanned user extensions: 11
[2019-06-14 07:18:21.331] [sharedprocess] [info] Scanned user extensions: 11
[2019-06-14 07:23:21.386] [sharedprocess] [info] Scanned user extensions: 11
[2019-06-14 07:28:21.445] [sharedprocess] [info] Scanned user extensions: 11
[2019-06-14 07:33:21.503] [sharedprocess] [info] Scanned user extensions: 11
[2019-06-14 07:38:21.567] [sharedprocess] [info] Scanned user extensions: 11
[2019-06-14 07:43:22.159] [sharedprocess] [info] Scanned user extensions: 11
[2019-06-14 07:48:22.273] [sharedprocess] [info] Scanned user extensions: 11
[2019-06-14 07:53:22.365] [sharedprocess] [info] Scanned user extensions: 11
[2019-06-14 07:58:22.424] [sharedprocess] [info] Scanned user extensions: 11
[2019-06-14 08:03:23.383] [sharedprocess] [info] Scanned user extensions: 11
[2019-06-14 08:08:23.432] [sharedprocess] [info] Scanned user extensions: 11
[2019-06-14 08:13:23.479] [sharedprocess] [info] Scanned user extensions: 11
[2019-06-14 08:18:23.619] [sharedprocess] [info] Scanned user extensions: 11
[2019-06-14 08:23:23.672] [sharedprocess] [info] Scanned user extensions: 11
[2019-06-14 08:28:23.735] [sharedprocess] [info] Scanned user extensions: 11
[2019-06-14 08:33:23.802] [sharedprocess] [info] Scanned user extensions: 11
[2019-06-14 08:38:23.902] [sharedprocess] [info] Scanned user extensions: 11
[2019-06-14 08:43:23.998] [sharedprocess] [info] Scanned user extensions: 11
[2019-06-14 08:48:24.040] [sharedprocess] [info] Scanned user extensions: 11
[2019-06-14 08:53:24.135] [sharedprocess] [info] Scanned user extensions: 11
[2019-06-14 08:58:24.363] [sharedprocess] [info] Scanned user extensions: 11
[2019-06-14 09:03:25.092] [sharedprocess] [info] Scanned user extensions: 11
[2019-06-14 09:08:25.150] [sharedprocess] [info] Scanned user extensions: 11
[2019-06-14 09:13:25.339] [sharedprocess] [info] Scanned user extensions: 11
[2019-06-14 09:18:25.392] [sharedprocess] [info] Scanned user extensions: 11
[2019-06-14 09:23:25.444] [sharedprocess] [info] Scanned user extensions: 11
[2019-06-14 09:28:25.495] [sharedprocess] [info] Scanned user extensions: 11
[2019-06-14 09:33:25.539] [sharedprocess] [info] Scanned user extensions: 11
[2019-06-14 09:38:25.634] [sharedprocess] [info] Scanned user extensions: 11
[2019-06-14 09:43:25.691] [sharedprocess] [info] Scanned user extensions: 11
[2019-06-14 09:48:25.741] [sharedprocess] [info] Scanned user extensions: 11
[2019-06-14 09:53:25.859] [sharedprocess] [info] Scanned user extensions: 11
[2019-06-14 09:58:25.927] [sharedprocess] [info] Scanned user extensions: 11
[2019-06-14 10:03:26.655] [sharedprocess] [info] Scanned user extensions: 11
[2019-06-14 10:08:26.719] [sharedprocess] [info] Scanned user extensions: 11
[2019-06-14 10:13:26.767] [sharedprocess] [info] Scanned user extensions: 11
[2019-06-14 10:18:26.821] [sharedprocess] [info] Scanned user extensions: 11
[2019-06-14 10:23:27.147] [sharedprocess] [info] Scanned user extensions: 11
[2019-06-14 10:28:27.210] [sharedprocess] [info] Scanned user extensions: 11
[2019-06-14 10:33:27.311] [sharedprocess] [info] Scanned user extensions: 11
[2019-06-14 10:38:27.400] [sharedprocess] [info] Scanned user extensions: 11
[2019-06-14 10:43:27.463] [sharedprocess] [info] Scanned user extensions: 11
[2019-06-14 10:48:27.515] [sharedprocess] [info] Scanned user extensions: 11
[2019-06-14 10:53:27.611] [sharedprocess] [info] Scanned user extensions: 11
[2019-06-14 10:58:27.679] [sharedprocess] [info] Scanned user extensions: 11
[2019-06-14 11:03:28.363] [sharedprocess] [info] Scanned user extensions: 11
[2019-06-14 11:08:28.416] [sharedprocess] [info] Scanned user extensions: 11
[2019-06-14 11:13:28.476] [sharedprocess] [info] Scanned user extensions: 11
[2019-06-14 11:18:28.520] [sharedprocess] [info] Scanned user extensions: 11
[2019-06-14 11:23:28.625] [sharedprocess] [info] Scanned user extensions: 11
[2019-06-14 11:28:28.687] [sharedprocess] [info] Scanned user extensions: 11
[2019-06-14 11:33:28.750] [sharedprocess] [info] Scanned user extensions: 11
[2019-06-14 11:38:28.809] [sharedprocess] [info] Scanned user extensions: 11
[2019-06-14 11:43:28.863] [sharedprocess] [info] Scanned user extensions: 11
[2019-06-14 11:48:28.923] [sharedprocess] [info] Scanned user extensions: 11
[2019-06-14 11:53:28.984] [sharedprocess] [info] Scanned user extensions: 11
[2019-06-14 11:58:29.048] [sharedprocess] [info] Scanned user extensions: 11
[2019-06-14 12:03:29.679] [sharedprocess] [info] Scanned user extensions: 11
[2019-06-14 12:08:29.741] [sharedprocess] [info] Scanned user extensions: 11
[2019-06-14 12:13:29.820] [sharedprocess] [info] Scanned user extensions: 11
[2019-06-14 12:18:29.883] [sharedprocess] [info] Scanned user extensions: 11
[2019-06-14 12:23:29.934] [sharedprocess] [info] Scanned user extensions: 11
[2019-06-14 12:28:29.991] [sharedprocess] [info] Scanned user extensions: 11
[2019-06-14 12:33:30.053] [sharedprocess] [info] Scanned user extensions: 11
[2019-06-14 12:38:30.118] [sharedprocess] [info] Scanned user extensions: 11
[2019-06-14 12:43:30.160] [sharedprocess] [info] Scanned user extensions: 11
[2019-06-14 12:48:30.222] [sharedprocess] [info] Scanned user extensions: 11
[2019-06-14 12:53:30.306] [sharedprocess] [info] Scanned user extensions: 11
[2019-06-14 12:58:30.364] [sharedprocess] [info] Scanned user extensions: 11
[2019-06-14 13:03:30.918] [sharedprocess] [info] Scanned user extensions: 11
[2019-06-14 13:08:30.967] [sharedprocess] [info] Scanned user extensions: 11
[2019-06-14 13:13:31.022] [sharedprocess] [info] Scanned user extensions: 11
[2019-06-14 13:18:31.083] [sharedprocess] [info] Scanned user extensions: 11
[2019-06-14 13:23:31.133] [sharedprocess] [info] Scanned user extensions: 11
[2019-06-14 13:28:31.172] [sharedprocess] [info] Scanned user extensions: 11
[2019-06-14 13:33:31.268] [sharedprocess] [info] Scanned user extensions: 11
[2019-06-14 13:38:31.332] [sharedprocess] [info] Scanned user extensions: 11
[2019-06-14 13:43:31.387] [sharedprocess] [info] Scanned user extensions: 11
[2019-06-14 13:48:31.436] [sharedprocess] [info] Scanned user extensions: 11
[2019-06-14 13:53:31.496] [sharedprocess] [info] Scanned user extensions: 11
[2019-06-14 13:58:31.559] [sharedprocess] [info] Scanned user extensions: 11
[2019-06-14 14:03:32.255] [sharedprocess] [info] Scanned user extensions: 11
[2019-06-14 14:08:32.315] [sharedprocess] [info] Scanned user extensions: 11
[2019-06-14 14:13:32.380] [sharedprocess] [info] Scanned user extensions: 11
[2019-06-14 14:18:32.440] [sharedprocess] [info] Scanned user extensions: 11
[2019-06-14 14:23:32.500] [sharedprocess] [info] Scanned user extensions: 11
[2019-06-14 14:28:32.562] [sharedprocess] [info] Scanned user extensions: 11
[2019-06-14 14:33:32.619] [sharedprocess] [info] Scanned user extensions: 11
[2019-06-14 14:38:32.877] [sharedprocess] [info] Scanned user extensions: 11
[2019-06-14 14:43:32.991] [sharedprocess] [info] Scanned user extensions: 11
[2019-06-14 14:48:33.039] [sharedprocess] [info] Scanned user extensions: 11
[2019-06-14 14:53:33.150] [sharedprocess] [info] Scanned user extensions: 11
[2019-06-14 14:58:33.212] [sharedprocess] [info] Scanned user extensions: 11
[2019-06-14 15:03:34.473] [sharedprocess] [info] Scanned user extensions: 11
[2019-06-14 15:08:34.602] [sharedprocess] [info] Scanned user extensions: 11
[2019-06-14 15:13:34.663] [sharedprocess] [info] Scanned user extensions: 11
[2019-06-14 15:18:34.735] [sharedprocess] [info] Scanned user extensions: 11
[2019-06-14 15:23:34.795] [sharedprocess] [info] Scanned user extensions: 11
[2019-06-14 15:28:34.914] [sharedprocess] [info] Scanned user extensions: 11
[2019-06-14 15:33:47.113] [sharedprocess] [info] Scanned user extensions: 11
[2019-06-14 15:38:48.103] [sharedprocess] [info] Scanned user extensions: 11
[2019-06-14 15:43:48.386] [sharedprocess] [info] Scanned user extensions: 11
[2019-06-14 15:48:48.460] [sharedprocess] [info] Scanned user extensions: 11
[2019-06-14 15:53:48.499] [sharedprocess] [info] Scanned user extensions: 11
[2019-06-14 15:58:48.559] [sharedprocess] [info] Scanned user extensions: 11
[2019-06-14 16:03:49.764] [sharedprocess] [info] Scanned user extensions: 11
[2019-06-14 16:08:49.813] [sharedprocess] [info] Scanned user extensions: 11
[2019-06-14 16:13:49.862] [sharedprocess] [info] Scanned user extensions: 11
[2019-06-14 16:18:49.918] [sharedprocess] [info] Scanned user extensions: 11
[2019-06-14 16:23:49.998] [sharedprocess] [info] Scanned user extensions: 11
[2019-06-14 16:28:50.058] [sharedprocess] [info] Scanned user extensions: 11
[2019-06-14 16:33:50.118] [sharedprocess] [info] Scanned user extensions: 11
[2019-06-14 16:38:50.166] [sharedprocess] [info] Scanned user extensions: 11
[2019-06-14 16:43:50.226] [sharedprocess] [info] Scanned user extensions: 11
[2019-06-14 16:48:50.287] [sharedprocess] [info] Scanned user extensions: 11
[2019-06-14 16:53:50.349] [sharedprocess] [info] Scanned user extensions: 11
[2019-06-14 16:58:50.400] [sharedprocess] [info] Scanned user extensions: 11
[2019-06-14 17:03:51.039] [sharedprocess] [info] Scanned user extensions: 11
[2019-06-14 17:08:51.088] [sharedprocess] [info] Scanned user extensions: 11
[2019-06-14 17:13:51.872] [sharedprocess] [info] Scanned user extensions: 11
[2019-06-14 17:18:51.937] [sharedprocess] [info] Scanned user extensions: 11
[2019-06-14 17:23:52.003] [sharedprocess] [info] Scanned user extensions: 11
[2019-06-14 17:28:52.052] [sharedprocess] [info] Scanned user extensions: 11
[2019-06-14 17:33:52.589] [sharedprocess] [info] Scanned user extensions: 11
[2019-06-14 17:38:52.641] [sharedprocess] [info] Scanned user extensions: 11
[2019-06-14 17:43:52.702] [sharedprocess] [info] Scanned user extensions: 11
[2019-06-14 17:48:52.756] [sharedprocess] [info] Scanned user extensions: 11
[2019-06-14 17:53:52.817] [sharedprocess] [info] Scanned user extensions: 11
[2019-06-14 17:58:52.874] [sharedprocess] [info] Scanned user extensions: 11
[2019-06-14 18:03:53.471] [sharedprocess] [info] Scanned user extensions: 11
[2019-06-14 18:08:53.578] [sharedprocess] [info] Scanned user extensions: 11
[2019-06-14 18:13:53.623] [sharedprocess] [info] Scanned user extensions: 11
[2019-06-14 18:18:53.686] [sharedprocess] [info] Scanned user extensions: 11
[2019-06-14 18:23:53.742] [sharedprocess] [info] Scanned user extensions: 11
[2019-06-14 18:28:53.806] [sharedprocess] [info] Scanned user extensions: 11
[2019-06-14 18:33:53.864] [sharedprocess] [info] Scanned user extensions: 11
[2019-06-14 18:38:53.925] [sharedprocess] [info] Scanned user extensions: 11
[2019-06-14 18:43:53.984] [sharedprocess] [info] Scanned user extensions: 11
[2019-06-14 18:48:54.053] [sharedprocess] [info] Scanned user extensions: 11
[2019-06-14 18:53:54.110] [sharedprocess] [info] Scanned user extensions: 11
[2019-06-14 18:58:54.162] [sharedprocess] [info] Scanned user extensions: 11
[2019-06-14 19:03:55.087] [sharedprocess] [info] Scanned user extensions: 11
[2019-06-14 19:08:55.144] [sharedprocess] [info] Scanned user extensions: 11
[2019-06-14 19:13:55.201] [sharedprocess] [info] Scanned user extensions: 11
[2019-06-14 19:18:55.263] [sharedprocess] [info] Scanned user extensions: 11
[2019-06-14 19:23:55.359] [sharedprocess] [info] Scanned user extensions: 11
[2019-06-14 19:28:55.419] [sharedprocess] [info] Scanned user extensions: 11
[2019-06-14 19:33:55.482] [sharedprocess] [info] Scanned user extensions: 11
[2019-06-14 19:38:55.568] [sharedprocess] [info] Scanned user extensions: 11
[2019-06-14 19:43:55.663] [sharedprocess] [info] Scanned user extensions: 11
[2019-06-14 19:48:55.754] [sharedprocess] [info] Scanned user extensions: 11
[2019-06-14 19:53:55.828] [sharedprocess] [info] Scanned user extensions: 11
[2019-06-14 19:58:55.877] [sharedprocess] [info] Scanned user extensions: 11
[2019-06-14 20:03:56.551] [sharedprocess] [info] Scanned user extensions: 11
[2019-06-14 20:08:56.607] [sharedprocess] [info] Scanned user extensions: 11
[2019-06-14 20:13:56.870] [sharedprocess] [info] Scanned user extensions: 11
[2019-06-14 20:18:56.920] [sharedprocess] [info] Scanned user extensions: 11
[2019-06-14 20:23:56.985] [sharedprocess] [info] Scanned user extensions: 11
[2019-06-14 20:28:57.039] [sharedprocess] [info] Scanned user extensions: 11
[2019-06-14 20:33:57.090] [sharedprocess] [info] Scanned user extensions: 11
[2019-06-14 20:38:57.199] [sharedprocess] [info] Scanned user extensions: 11
[2019-06-14 20:43:57.284] [sharedprocess] [info] Scanned user extensions: 11
[2019-06-14 20:48:57.334] [sharedprocess] [info] Scanned user extensions: 11
[2019-06-14 20:53:57.393] [sharedprocess] [info] Scanned user extensions: 11
[2019-06-14 20:58:57.454] [sharedprocess] [info] Scanned user extensions: 11
[2019-06-14 21:03:58.106] [sharedprocess] [info] Scanned user extensions: 11
[2019-06-14 21:08:58.156] [sharedprocess] [info] Scanned user extensions: 11
[2019-06-14 21:13:58.230] [sharedprocess] [info] Scanned user extensions: 11
[2019-06-14 21:18:58.282] [sharedprocess] [info] Scanned user extensions: 11
[2019-06-14 21:23:58.347] [sharedprocess] [info] Scanned user extensions: 11
[2019-06-14 21:28:58.415] [sharedprocess] [info] Scanned user extensions: 11
[2019-06-14 21:33:58.481] [sharedprocess] [info] Scanned user extensions: 11
[2019-06-14 21:38:58.569] [sharedprocess] [info] Scanned user extensions: 11
[2019-06-14 21:43:58.621] [sharedprocess] [info] Scanned user extensions: 11
[2019-06-14 21:48:58.675] [sharedprocess] [info] Scanned user extensions: 11
[2019-06-14 21:53:58.736] [sharedprocess] [info] Scanned user extensions: 11
[2019-06-14 21:58:58.798] [sharedprocess] [info] Scanned user extensions: 11
[2019-06-14 22:03:59.383] [sharedprocess] [info] Scanned user extensions: 11
[2019-06-14 22:08:59.423] [sharedprocess] [info] Scanned user extensions: 11
[2019-06-14 22:13:59.497] [sharedprocess] [info] Scanned user extensions: 11
[2019-06-14 22:18:59.570] [sharedprocess] [info] Scanned user extensions: 11
[2019-06-14 22:23:59.644] [sharedprocess] [info] Scanned user extensions: 11
[2019-06-14 22:28:59.706] [sharedprocess] [info] Scanned user extensions: 11
[2019-06-14 22:33:59.765] [sharedprocess] [info] Scanned user extensions: 11
[2019-06-14 22:38:59.822] [sharedprocess] [info] Scanned user extensions: 11
[2019-06-14 22:43:59.882] [sharedprocess] [info] Scanned user extensions: 11
[2019-06-14 22:48:59.942] [sharedprocess] [info] Scanned user extensions: 11
[2019-06-14 22:53:59.991] [sharedprocess] [info] Scanned user extensions: 11
[2019-06-14 22:59:00.085] [sharedprocess] [info] Scanned user extensions: 11
[2019-06-14 23:04:00.658] [sharedprocess] [info] Scanned user extensions: 11
[2019-06-14 23:09:00.721] [sharedprocess] [info] Scanned user extensions: 11
[2019-06-14 23:14:00.783] [sharedprocess] [info] Scanned user extensions: 11
[2019-06-14 23:19:00.835] [sharedprocess] [info] Scanned user extensions: 11
[2019-06-14 23:24:00.884] [sharedprocess] [info] Scanned user extensions: 11
[2019-06-14 23:29:00.938] [sharedprocess] [info] Scanned user extensions: 11
[2019-06-14 23:34:01.012] [sharedprocess] [info] Scanned user extensions: 11
[2019-06-14 23:39:01.064] [sharedprocess] [info] Scanned user extensions: 11
[2019-06-14 23:44:01.119] [sharedprocess] [info] Scanned user extensions: 11
[2019-06-14 23:49:01.159] [sharedprocess] [info] Scanned user extensions: 11
[2019-06-14 23:54:01.220] [sharedprocess] [info] Scanned user extensions: 11
[2019-06-14 23:59:01.318] [sharedprocess] [info] Scanned user extensions: 11
[2019-06-15 00:04:01.880] [sharedprocess] [info] Scanned user extensions: 11
[2019-06-15 00:09:01.920] [sharedprocess] [info] Scanned user extensions: 11
[2019-06-15 00:14:01.973] [sharedprocess] [info] Scanned user extensions: 11
[2019-06-15 00:19:02.024] [sharedprocess] [info] Scanned user extensions: 11
[2019-06-15 00:24:02.074] [sharedprocess] [info] Scanned user extensions: 11
[2019-06-15 00:29:02.133] [sharedprocess] [info] Scanned user extensions: 11
[2019-06-15 00:34:02.195] [sharedprocess] [info] Scanned user extensions: 11
[2019-06-15 00:39:02.259] [sharedprocess] [info] Scanned user extensions: 11
[2019-06-15 00:44:02.313] [sharedprocess] [info] Scanned user extensions: 11
[2019-06-15 00:49:02.355] [sharedprocess] [info] Scanned user extensions: 11
[2019-06-15 00:54:02.455] [sharedprocess] [info] Scanned user extensions: 11
[2019-06-15 00:59:02.520] [sharedprocess] [info] Scanned user extensions: 11
[2019-06-15 01:04:03.039] [sharedprocess] [info] Scanned user extensions: 11
[2019-06-15 01:09:03.103] [sharedprocess] [info] Scanned user extensions: 11
[2019-06-15 01:14:03.144] [sharedprocess] [info] Scanned user extensions: 11
[2019-06-15 01:19:03.208] [sharedprocess] [info] Scanned user extensions: 11
[2019-06-15 01:24:03.279] [sharedprocess] [info] Scanned user extensions: 11
[2019-06-15 01:29:03.363] [sharedprocess] [info] Scanned user extensions: 11
[2019-06-15 01:34:03.423] [sharedprocess] [info] Scanned user extensions: 11
[2019-06-15 01:39:03.463] [sharedprocess] [info] Scanned user extensions: 11
[2019-06-15 01:44:03.561] [sharedprocess] [info] Scanned user extensions: 11
[2019-06-15 01:49:03.620] [sharedprocess] [info] Scanned user extensions: 11
[2019-06-15 01:54:03.677] [sharedprocess] [info] Scanned user extensions: 11
[2019-06-15 01:59:04.287] [sharedprocess] [info] Scanned user extensions: 11
[2019-06-15 02:04:05.494] [sharedprocess] [info] Scanned user extensions: 11
[2019-06-15 02:09:05.555] [sharedprocess] [info] Scanned user extensions: 11
[2019-06-15 02:14:05.616] [sharedprocess] [info] Scanned user extensions: 11
[2019-06-15 02:19:05.743] [sharedprocess] [info] Scanned user extensions: 11
[2019-06-15 02:24:05.792] [sharedprocess] [info] Scanned user extensions: 11
[2019-06-15 02:29:05.867] [sharedprocess] [info] Scanned user extensions: 11
[2019-06-15 02:34:05.923] [sharedprocess] [info] Scanned user extensions: 11
[2019-06-15 02:39:05.982] [sharedprocess] [info] Scanned user extensions: 11
[2019-06-15 02:44:06.043] [sharedprocess] [info] Scanned user extensions: 11
[2019-06-15 02:49:06.101] [sharedprocess] [info] Scanned user extensions: 11
[2019-06-15 02:54:06.161] [sharedprocess] [info] Scanned user extensions: 11
[2019-06-15 02:59:06.231] [sharedprocess] [info] Scanned user extensions: 11
[2019-06-15 03:04:06.814] [sharedprocess] [info] Scanned user extensions: 11
[2019-06-15 03:09:06.872] [sharedprocess] [info] Scanned user extensions: 11
[2019-06-15 03:14:06.944] [sharedprocess] [info] Scanned user extensions: 11
[2019-06-15 03:19:07.004] [sharedprocess] [info] Scanned user extensions: 11
[2019-06-15 03:24:07.040] [sharedprocess] [info] Scanned user extensions: 11
[2019-06-15 03:29:07.093] [sharedprocess] [info] Scanned user extensions: 11
[2019-06-15 03:34:07.174] [sharedprocess] [info] Scanned user extensions: 11
[2019-06-15 03:39:07.236] [sharedprocess] [info] Scanned user extensions: 11
[2019-06-15 03:44:07.300] [sharedprocess] [info] Scanned user extensions: 11
[2019-06-15 03:49:07.363] [sharedprocess] [info] Scanned user extensions: 11
[2019-06-15 03:54:07.412] [sharedprocess] [info] Scanned user extensions: 11
[2019-06-15 03:59:07.472] [sharedprocess] [info] Scanned user extensions: 11
[2019-06-15 04:04:08.012] [sharedprocess] [info] Scanned user extensions: 11
[2019-06-15 04:09:08.080] [sharedprocess] [info] Scanned user extensions: 11
[2019-06-15 04:14:08.145] [sharedprocess] [info] Scanned user extensions: 11
[2019-06-15 04:19:08.228] [sharedprocess] [info] Scanned user extensions: 11
[2019-06-15 04:24:08.302] [sharedprocess] [info] Scanned user extensions: 11
[2019-06-15 04:29:08.355] [sharedprocess] [info] Scanned user extensions: 11
[2019-06-15 04:34:08.405] [sharedprocess] [info] Scanned user extensions: 11
[2019-06-15 04:39:08.465] [sharedprocess] [info] Scanned user extensions: 11
[2019-06-15 04:44:08.505] [sharedprocess] [info] Scanned user extensions: 11
[2019-06-15 04:49:08.574] [sharedprocess] [info] Scanned user extensions: 11
[2019-06-15 04:54:08.675] [sharedprocess] [info] Scanned user extensions: 11
[2019-06-15 04:59:08.766] [sharedprocess] [info] Scanned user extensions: 11
[2019-06-15 05:04:09.326] [sharedprocess] [info] Scanned user extensions: 11
[2019-06-15 05:09:09.384] [sharedprocess] [info] Scanned user extensions: 11
[2019-06-15 05:14:09.445] [sharedprocess] [info] Scanned user extensions: 11
[2019-06-15 05:19:09.504] [sharedprocess] [info] Scanned user extensions: 11
[2019-06-15 05:24:09.564] [sharedprocess] [info] Scanned user extensions: 11
[2019-06-15 05:29:09.626] [sharedprocess] [info] Scanned user extensions: 11
[2019-06-15 05:34:09.675] [sharedprocess] [info] Scanned user extensions: 11
[2019-06-15 05:39:09.723] [sharedprocess] [info] Scanned user extensions: 11
[2019-06-15 05:44:09.782] [sharedprocess] [info] Scanned user extensions: 11
[2019-06-15 05:49:09.842] [sharedprocess] [info] Scanned user extensions: 11
[2019-06-15 05:54:09.902] [sharedprocess] [info] Scanned user extensions: 11
[2019-06-15 05:59:09.981] [sharedprocess] [info] Scanned user extensions: 11
[2019-06-15 06:04:10.612] [sharedprocess] [info] Scanned user extensions: 11
[2019-06-15 06:09:10.674] [sharedprocess] [info] Scanned user extensions: 11
[2019-06-15 06:14:10.738] [sharedprocess] [info] Scanned user extensions: 11
[2019-06-15 06:19:10.803] [sharedprocess] [info] Scanned user extensions: 11
[2019-06-15 06:24:10.868] [sharedprocess] [info] Scanned user extensions: 11
[2019-06-15 06:29:10.945] [sharedprocess] [info] Scanned user extensions: 11
[2019-06-15 06:34:10.983] [sharedprocess] [info] Scanned user extensions: 11
[2019-06-15 06:39:11.034] [sharedprocess] [info] Scanned user extensions: 11
[2019-06-15 06:44:11.087] [sharedprocess] [info] Scanned user extensions: 11
[2019-06-15 06:49:12.937] [sharedprocess] [info] Scanned user extensions: 11
[2019-06-15 06:54:13.181] [sharedprocess] [info] Scanned user extensions: 11
[2019-06-15 06:59:13.254] [sharedprocess] [info] Scanned user extensions: 11
[2019-06-15 07:04:14.285] [sharedprocess] [info] Scanned user extensions: 11
[2019-06-15 07:09:14.342] [sharedprocess] [info] Scanned user extensions: 11
[2019-06-15 07:14:14.393] [sharedprocess] [info] Scanned user extensions: 11
[2019-06-15 07:19:14.456] [sharedprocess] [info] Scanned user extensions: 11
[2019-06-15 07:24:14.562] [sharedprocess] [info] Scanned user extensions: 11
