[2019-06-23 08:41:25.835] [exthost] [info] extension host started
[2019-06-23 08:41:25.963] [exthost] [info] ExtensionService#_doActivateExtension vscode.debug-auto-launch {"startup":true,"activationEvent":"*"}
[2019-06-23 08:41:25.963] [exthost] [info] ExtensionService#loadCommonJSModule /usr/share/code/resources/app/extensions/debug-auto-launch/dist/extension
[2019-06-23 08:41:26.016] [exthost] [info] ExtensionService#_doActivateExtension vscode.emmet {"startup":true,"activationEvent":"*"}
[2019-06-23 08:41:26.016] [exthost] [info] ExtensionService#loadCommonJSModule /usr/share/code/resources/app/extensions/emmet/dist/extension
[2019-06-23 08:41:26.071] [exthost] [info] ExtensionService#_doActivateExtension vscode.git {"startup":true,"activationEvent":"*"}
[2019-06-23 08:41:26.071] [exthost] [info] ExtensionService#loadCommonJSModule /usr/share/code/resources/app/extensions/git/dist/main
[2019-06-23 08:41:26.329] [exthost] [info] ExtensionService#_doActivateExtension vscode.merge-conflict {"startup":true,"activationEvent":"*"}
[2019-06-23 08:41:26.329] [exthost] [info] ExtensionService#loadCommonJSModule /usr/share/code/resources/app/extensions/merge-conflict/dist/extension
[2019-06-23 08:41:26.659] [exthost] [info] ExtensionService#_doActivateExtension austenc.laravel-blade-spacer {"startup":true,"activationEvent":"*"}
[2019-06-23 08:41:26.659] [exthost] [info] ExtensionService#loadCommonJSModule /root/.vscode/extensions/austenc.laravel-blade-spacer-1.0.3/out/extension
[2019-06-23 08:41:26.883] [exthost] [info] ExtensionService#_doActivateExtension esbenp.prettier-vscode {"startup":true,"activationEvent":"*"}
[2019-06-23 08:41:26.883] [exthost] [info] ExtensionService#loadCommonJSModule /root/.vscode/extensions/esbenp.prettier-vscode-1.9.0/out/src/extension
[2019-06-23 08:41:33.268] [exthost] [info] eager extensions activated
[2019-06-23 08:41:56.344] [exthost] [info] extension host started
[2019-06-23 08:41:56.525] [exthost] [info] ExtensionService#_doActivateExtension vscode.debug-auto-launch {"startup":true,"activationEvent":"*"}
[2019-06-23 08:41:56.525] [exthost] [info] ExtensionService#loadCommonJSModule /usr/share/code/resources/app/extensions/debug-auto-launch/dist/extension
[2019-06-23 08:41:56.750] [exthost] [info] ExtensionService#_doActivateExtension vscode.emmet {"startup":true,"activationEvent":"*"}
[2019-06-23 08:41:56.750] [exthost] [info] ExtensionService#loadCommonJSModule /usr/share/code/resources/app/extensions/emmet/dist/extension
[2019-06-23 08:41:56.788] [exthost] [info] ExtensionService#_doActivateExtension vscode.git {"startup":true,"activationEvent":"*"}
[2019-06-23 08:41:56.788] [exthost] [info] ExtensionService#loadCommonJSModule /usr/share/code/resources/app/extensions/git/dist/main
[2019-06-23 08:41:57.004] [exthost] [info] ExtensionService#_doActivateExtension vscode.merge-conflict {"startup":true,"activationEvent":"*"}
[2019-06-23 08:41:57.004] [exthost] [info] ExtensionService#loadCommonJSModule /usr/share/code/resources/app/extensions/merge-conflict/dist/extension
[2019-06-23 08:41:57.104] [exthost] [info] ExtensionService#_doActivateExtension austenc.laravel-blade-spacer {"startup":true,"activationEvent":"*"}
[2019-06-23 08:41:57.104] [exthost] [info] ExtensionService#loadCommonJSModule /root/.vscode/extensions/austenc.laravel-blade-spacer-1.0.3/out/extension
[2019-06-23 08:41:57.117] [exthost] [info] ExtensionService#_doActivateExtension esbenp.prettier-vscode {"startup":true,"activationEvent":"*"}
[2019-06-23 08:41:57.117] [exthost] [info] ExtensionService#loadCommonJSModule /root/.vscode/extensions/esbenp.prettier-vscode-1.9.0/out/src/extension
[2019-06-23 08:41:57.730] [exthost] [info] eager extensions activated
