[2019-06-12 07:34:43.687] [renderer1] [warning] UNRESPONSIVE extension host, 'esbenp.prettier-vscode' took 92% of 5144.505ms, saved PROFILE here: '/tmp/exthost-05ae93.cpuprofile' [{"id":"esbenp.prettier-vscode","total":4737041,"percentage":92},{"id":"program","total":3463,"percentage":0},{"id":"self","total":2386,"percentage":0}]
[2019-06-12 07:43:30.414] [renderer1] [error] Error: Error: ENOENT: no such file or directory, stat '/home/lael/Laravel/nemooneh/nemooneh/.vscode'
[2019-06-12 09:36:30.637] [renderer1] [error] Error: Error: ENOENT: no such file or directory, stat '/home/lael/github/.vscode'
[2019-06-12 09:47:57.723] [renderer1] [error] Unable to move/copy when source path is equal or parent of target path: Error: Unable to move/copy when source path is equal or parent of target path
    at b.<anonymous> (file:///usr/share/code/resources/app/out/vs/workbench/workbench.main.js:3345:429)
    at Generator.next (<anonymous>)
    at file:///usr/share/code/resources/app/out/vs/workbench/workbench.main.js:34:621
    at new Promise (<anonymous>)
    at n (file:///usr/share/code/resources/app/out/vs/workbench/workbench.main.js:34:398)
    at b.doValidateMoveCopy (file:///usr/share/code/resources/app/out/vs/workbench/workbench.main.js:3345:282)
    at b.<anonymous> (file:///usr/share/code/resources/app/out/vs/workbench/workbench.main.js:3343:943)
    at Generator.next (<anonymous>)
    at file:///usr/share/code/resources/app/out/vs/workbench/workbench.main.js:34:621
    at new Promise (<anonymous>)
    at n (file:///usr/share/code/resources/app/out/vs/workbench/workbench.main.js:34:398)
    at b.doMoveCopy (file:///usr/share/code/resources/app/out/vs/workbench/workbench.main.js:3343:868)
    at b.<anonymous> (file:///usr/share/code/resources/app/out/vs/workbench/workbench.main.js:3343:338)
    at Generator.next (<anonymous>)
    at r (file:///usr/share/code/resources/app/out/vs/workbench/workbench.main.js:34:454)
    at process._tickCallback (internal/process/next_tick.js:68:7)
