[2019-06-15 07:50:09.892] [sharedprocess] [info] main {"machineId":"4b56edd6abb232693e6f5dc4d3b4e54e884ba8309efb39468bce93984b80e05b"}
[2019-06-15 07:50:10.845] [sharedprocess] [info] Scanned user extensions: 11
[2019-06-15 07:50:11.218] [sharedprocess] [info] Deleted from disk fivethree.vscode-svelte-snippets /root/.vscode/extensions/fivethree.vscode-svelte-snippets-0.1.3
[2019-06-15 07:50:11.452] [sharedprocess] [info] Scanned system extensions: 72
[2019-06-15 07:50:13.035] [sharedprocess] [info] Scanned user extensions: 11
[2019-06-15 07:50:13.036] [sharedprocess] [info] Scanned user extensions: 11
[2019-06-15 07:50:13.037] [sharedprocess] [info] Scanned user extensions: 11
[2019-06-15 07:50:13.089] [sharedprocess] [info] Scanned system extensions: 72
[2019-06-15 07:50:13.092] [sharedprocess] [info] Scanned system extensions: 72
[2019-06-15 07:50:13.095] [sharedprocess] [info] Scanned system extensions: 72
[2019-06-15 07:50:13.900] [sharedprocess] [info] Scanned user extensions: 11
[2019-06-15 07:50:13.929] [sharedprocess] [info] Scanned system extensions: 72
[2019-06-15 07:50:15.352] [sharedprocess] [info] Scanned user extensions: 11
[2019-06-15 07:50:49.865] [sharedprocess] [info] Starting to clean up unused language packs.
[2019-06-15 07:55:15.371] [sharedprocess] [info] Scanned user extensions: 11
[2019-06-15 07:55:39.472] [sharedprocess] [info] Scanned user extensions: 11
[2019-06-15 07:55:39.473] [sharedprocess] [info] Scanned user extensions: 11
[2019-06-15 07:55:39.547] [sharedprocess] [info] Scanned system extensions: 72
[2019-06-15 07:55:39.551] [sharedprocess] [info] Scanned system extensions: 72
[2019-06-15 07:55:39.634] [sharedprocess] [info] Scanned user extensions: 11
[2019-06-15 07:55:39.655] [sharedprocess] [info] Scanned system extensions: 72
[2019-06-15 07:55:41.680] [sharedprocess] [info] Scanned user extensions: 11
[2019-06-15 07:55:56.017] [sharedprocess] [info] Scanned user extensions: 11
[2019-06-15 07:55:56.054] [sharedprocess] [info] Scanned system extensions: 72
[2019-06-15 07:55:56.188] [sharedprocess] [info] Scanned user extensions: 11
[2019-06-15 07:55:56.208] [sharedprocess] [info] Scanned system extensions: 72
[2019-06-15 07:55:58.512] [sharedprocess] [info] Scanned user extensions: 11
[2019-06-15 08:00:58.525] [sharedprocess] [info] Scanned user extensions: 11
[2019-06-15 08:05:59.048] [sharedprocess] [info] Scanned user extensions: 11
[2019-06-15 08:10:59.058] [sharedprocess] [info] Scanned user extensions: 11
[2019-06-15 08:15:59.069] [sharedprocess] [info] Scanned user extensions: 11
[2019-06-15 08:20:59.088] [sharedprocess] [info] Scanned user extensions: 11
[2019-06-15 08:25:59.102] [sharedprocess] [info] Scanned user extensions: 11
[2019-06-15 08:30:59.114] [sharedprocess] [info] Scanned user extensions: 11
[2019-06-15 08:35:59.130] [sharedprocess] [info] Scanned user extensions: 11
[2019-06-15 08:40:59.140] [sharedprocess] [info] Scanned user extensions: 11
[2019-06-15 08:45:59.153] [sharedprocess] [info] Scanned user extensions: 11
[2019-06-15 08:50:59.168] [sharedprocess] [info] Scanned user extensions: 11
[2019-06-15 08:55:59.297] [sharedprocess] [info] Scanned user extensions: 11
[2019-06-15 09:00:59.679] [sharedprocess] [info] Scanned user extensions: 11
[2019-06-15 09:06:00.775] [sharedprocess] [info] Scanned user extensions: 11
[2019-06-15 09:11:00.795] [sharedprocess] [info] Scanned user extensions: 11
[2019-06-15 09:16:00.804] [sharedprocess] [info] Scanned user extensions: 11
[2019-06-15 09:21:00.818] [sharedprocess] [info] Scanned user extensions: 11
[2019-06-15 09:26:00.837] [sharedprocess] [info] Scanned user extensions: 11
[2019-06-15 09:31:09.741] [sharedprocess] [info] Scanned user extensions: 11
[2019-06-15 09:36:19.511] [sharedprocess] [info] Scanned user extensions: 11
[2019-06-15 09:41:20.274] [sharedprocess] [info] Scanned user extensions: 11
[2019-06-15 09:46:20.353] [sharedprocess] [info] Scanned user extensions: 11
[2019-06-15 09:51:20.378] [sharedprocess] [info] Scanned user extensions: 11
[2019-06-15 09:56:20.414] [sharedprocess] [info] Scanned user extensions: 11
[2019-06-15 10:01:20.448] [sharedprocess] [info] Scanned user extensions: 11
[2019-06-15 10:06:21.353] [sharedprocess] [info] Scanned user extensions: 11
[2019-06-15 10:11:21.369] [sharedprocess] [info] Scanned user extensions: 11
[2019-06-15 10:16:21.382] [sharedprocess] [info] Scanned user extensions: 11
[2019-06-15 10:21:21.395] [sharedprocess] [info] Scanned user extensions: 11
[2019-06-15 10:26:21.414] [sharedprocess] [info] Scanned user extensions: 11
[2019-06-15 10:31:21.466] [sharedprocess] [info] Scanned user extensions: 11
[2019-06-15 10:36:21.516] [sharedprocess] [info] Scanned user extensions: 11
[2019-06-15 10:41:21.569] [sharedprocess] [info] Scanned user extensions: 11
[2019-06-15 10:46:21.612] [sharedprocess] [info] Scanned user extensions: 11
[2019-06-15 10:51:21.629] [sharedprocess] [info] Scanned user extensions: 11
[2019-06-15 10:56:21.668] [sharedprocess] [info] Scanned user extensions: 11
[2019-06-15 11:01:21.712] [sharedprocess] [info] Scanned user extensions: 11
[2019-06-15 11:06:22.243] [sharedprocess] [info] Scanned user extensions: 11
[2019-06-15 11:11:22.251] [sharedprocess] [info] Scanned user extensions: 11
[2019-06-15 11:16:22.284] [sharedprocess] [info] Scanned user extensions: 11
[2019-06-15 11:21:22.324] [sharedprocess] [info] Scanned user extensions: 11
[2019-06-15 11:26:22.348] [sharedprocess] [info] Scanned user extensions: 11
[2019-06-15 11:31:22.385] [sharedprocess] [info] Scanned user extensions: 11
[2019-06-15 11:36:22.428] [sharedprocess] [info] Scanned user extensions: 11
[2019-06-15 11:41:22.482] [sharedprocess] [info] Scanned user extensions: 11
[2019-06-15 11:46:22.574] [sharedprocess] [info] Scanned user extensions: 11
[2019-06-15 11:51:22.610] [sharedprocess] [info] Scanned user extensions: 11
[2019-06-15 11:56:22.756] [sharedprocess] [info] Scanned user extensions: 11
[2019-06-15 12:01:23.054] [sharedprocess] [info] Scanned user extensions: 11
[2019-06-15 12:06:24.160] [sharedprocess] [info] Scanned user extensions: 11
